2025-09-22 11:07:32.479 -05:00 [INF] Usuario con ID 1 creado exitosamente.
2025-09-22 11:07:33.675 -05:00 [ERR] No se encontró un código de verificación con el ID 1 para validar.
2025-09-22 11:09:26.219 -05:00 [INF] Usuario con ID 2 creado exitosamente.
2025-09-22 11:09:26.880 -05:00 [ERR] No se encontró un código de verificación con el ID 2 para validar.
2025-09-22 11:15:13.567 -05:00 [INF] Usuario con ID 1 creado exitosamente.
2025-09-22 11:15:14.577 -05:00 [ERR] No se encontró un código de verificación con el ID 1 para validar.
2025-09-22 11:17:44.432 -05:00 [INF] Usuario con ID 2 creado exitosamente.
2025-09-22 11:17:45.367 -05:00 [INF] Email del usuario con ID 2 recuperado correctamente.
2025-09-22 11:17:46.032 -05:00 [INF] Código de Verificación creado correctamente con ID 1.
2025-09-22 11:18:32.225 -05:00 [WRN] El código de verificación con ID 2 es incorrecto.
2025-09-22 11:18:38.366 -05:00 [WRN] El código de verificación con ID 2 es incorrecto.
2025-09-22 11:18:43.919 -05:00 [WRN] El código de verificación con ID 2 es incorrecto.
2025-09-22 11:18:47.061 -05:00 [WRN] El código de verificación con ID 2 es incorrecto.
2025-09-22 11:19:08.204 -05:00 [WRN] El código de verificación con ID 2 es correcto. Intento 4.
2025-09-22 14:16:42.908 -05:00 [INF] Usuario con ID 3 creado exitosamente.
2025-09-22 14:16:43.556 -05:00 [INF] Email del usuario con ID 3 recuperado correctamente.
2025-09-22 14:16:44.175 -05:00 [INF] Código de Verificación creado correctamente con ID 2.
2025-09-22 14:17:18.115 -05:00 [WRN] El código de verificación con ID 3 es correcto. Intento 0.
2025-09-22 14:51:03.491 -05:00 [ERR] Contraseña incorrecta para el usuario con Email ronaldstevenrios@gmail.com.
2025-09-22 14:51:03.500 -05:00 [ERR] Se produjo un error no controlado.
System.Exception: Contraseña incorrecta
   at Api_Mediconnet.Application.Services.TLoginsService.CrearAsync(LoginsRequestDTO loginsRequest) in C:\Users\ronal\Desktop\Archivos\Api_Mediconnet_Onion\Application\Services\TLoginsService.cs:line 69
   at Api_Mediconnet.Api.Controllers.LoginsController.PostLoginsAsync(LoginsRequestDTO LoginsRequest) in C:\Users\ronal\Desktop\Archivos\Api_Mediconnet_Onion\api\Controllers\LoginsController.cs:line 38
   at Microsoft.AspNetCore.Mvc.Infrastructure.ActionMethodExecutor.TaskOfIActionResultExecutor.Execute(ActionContext actionContext, IActionResultTypeMapper mapper, ObjectMethodExecutor executor, Object controller, Object[] arguments)
   at Microsoft.AspNetCore.Mvc.Infrastructure.ControllerActionInvoker.<InvokeActionMethodAsync>g__Awaited|12_0(ControllerActionInvoker invoker, ValueTask`1 actionResultValueTask)
   at Microsoft.AspNetCore.Mvc.Infrastructure.ControllerActionInvoker.<InvokeNextActionFilterAsync>g__Awaited|10_0(ControllerActionInvoker invoker, Task lastTask, State next, Scope scope, Object state, Boolean isCompleted)
   at Microsoft.AspNetCore.Mvc.Infrastructure.ControllerActionInvoker.Rethrow(ActionExecutedContextSealed context)
   at Microsoft.AspNetCore.Mvc.Infrastructure.ControllerActionInvoker.Next(State& next, Scope& scope, Object& state, Boolean& isCompleted)
   at Microsoft.AspNetCore.Mvc.Infrastructure.ControllerActionInvoker.<InvokeInnerFilterAsync>g__Awaited|13_0(ControllerActionInvoker invoker, Task lastTask, State next, Scope scope, Object state, Boolean isCompleted)
   at Microsoft.AspNetCore.Mvc.Infrastructure.ResourceInvoker.<InvokeFilterPipelineAsync>g__Awaited|20_0(ResourceInvoker invoker, Task lastTask, State next, Scope scope, Object state, Boolean isCompleted)
   at Microsoft.AspNetCore.Mvc.Infrastructure.ResourceInvoker.<InvokeAsync>g__Logged|17_1(ResourceInvoker invoker)
   at Microsoft.AspNetCore.Mvc.Infrastructure.ResourceInvoker.<InvokeAsync>g__Logged|17_1(ResourceInvoker invoker)
   at Microsoft.AspNetCore.Routing.EndpointMiddleware.<Invoke>g__AwaitRequestTask|7_0(Endpoint endpoint, Task requestTask, ILogger logger)
   at Microsoft.AspNetCore.Authorization.AuthorizationMiddleware.Invoke(HttpContext context)
   at Microsoft.AspNetCore.Authentication.AuthenticationMiddleware.Invoke(HttpContext context)
   at Api_Mediconnet.Api.Middleware.ErrorHandlingMiddleware.Invoke(HttpContext httpContent) in C:\Users\ronal\Desktop\Archivos\Api_Mediconnet_Onion\api\Middleware\ErrorHandlingMiddleware.cs:line 21
2025-09-22 14:55:42.411 -05:00 [INF] Login con ID 1 creado exitosamente.
2025-09-22 15:37:09.848 -05:00 [ERR] No se encontró un usuario con el Email ronald@gmail.com.
2025-09-22 15:37:29.426 -05:00 [INF] Login con ID 2 creado exitosamente.
2025-09-22 15:43:16.648 -05:00 [ERR] Contraseña incorrecta para el usuario con Email ronaldstevenrios@gmail.com.
2025-09-22 15:44:08.374 -05:00 [INF] Login con ID 3 creado exitosamente.
2025-09-22 15:53:33.407 -05:00 [INF] Login con ID 4 creado exitosamente.
