2025-09-09 10:59:15.100 -05:00 [INF] Executed DbCommand (2ms) [Parameters=[], CommandType='"Text"', CommandTimeout='30']
CREATE DATABASE `Api`;
2025-09-09 10:59:15.308 -05:00 [INF] Executed DbCommand (1ms) [Parameters=[], CommandType='"Text"', CommandTimeout='30']
ALTER DATABASE CHARACTER SET utf8mb4;
2025-09-09 10:59:15.326 -05:00 [INF] Executed DbCommand (15ms) [Parameters=[], CommandType='"Text"', CommandTimeout='30']
CREATE TABLE `TArea` (
    `NAreaID` int(12) NOT NULL AUTO_INCREMENT,
    `CNombre` varchar(30) CHARACTER SET utf8mb4 NOT NULL,
    `CDescripcion` varchar(1000) CHARACTER SET utf8mb4 NOT NULL,
    CONSTRAINT `PRIMARY` PRIMARY KEY (`NAreaID`)
) CHARACTER SET=utf8mb4;
2025-09-09 10:59:15.337 -05:00 [INF] Executed DbCommand (8ms) [Parameters=[], CommandType='"Text"', CommandTimeout='30']
CREATE TABLE `TDiaSemana` (
    `NDiaSemanaID` int(12) NOT NULL AUTO_INCREMENT,
    `CNombre` varchar(30) CHARACTER SET utf8mb4 NOT NULL,
    CONSTRAINT `PRIMARY` PRIMARY KEY (`NDiaSemanaID`)
) CHARACTER SET=utf8mb4;
2025-09-09 10:59:15.348 -05:00 [INF] Executed DbCommand (9ms) [Parameters=[], CommandType='"Text"', CommandTimeout='30']
CREATE TABLE `TEspecialidad` (
    `NEspecialidadID` int(12) NOT NULL AUTO_INCREMENT,
    `CNombre` varchar(30) CHARACTER SET utf8mb4 NOT NULL,
    `CDescripcion` varchar(100) CHARACTER SET utf8mb4 NOT NULL,
    CONSTRAINT `PRIMARY` PRIMARY KEY (`NEspecialidadID`)
) CHARACTER SET=utf8mb4;
2025-09-09 10:59:15.360 -05:00 [INF] Executed DbCommand (9ms) [Parameters=[], CommandType='"Text"', CommandTimeout='30']
CREATE TABLE `TEstadoCita` (
    `NEstadoCitaID` int(6) NOT NULL AUTO_INCREMENT,
    `CNombre` varchar(30) CHARACTER SET utf8mb4 NOT NULL,
    CONSTRAINT `PRIMARY` PRIMARY KEY (`NEstadoCitaID`)
) CHARACTER SET=utf8mb4;
2025-09-09 10:59:15.372 -05:00 [INF] Executed DbCommand (9ms) [Parameters=[], CommandType='"Text"', CommandTimeout='30']
CREATE TABLE `TEstadoUsuario` (
    `NEstadoUsuarioID` int(12) NOT NULL AUTO_INCREMENT,
    `CNombre` varchar(20) CHARACTER SET utf8mb4 NOT NULL,
    CONSTRAINT `PRIMARY` PRIMARY KEY (`NEstadoUsuarioID`)
) CHARACTER SET=utf8mb4;
2025-09-09 10:59:15.387 -05:00 [INF] Executed DbCommand (11ms) [Parameters=[], CommandType='"Text"', CommandTimeout='30']
CREATE TABLE `TEstadoVerificacion` (
    `NEstadoVerificacion` int(12) NOT NULL AUTO_INCREMENT,
    `CNombre` varchar(30) CHARACTER SET utf8mb4 NOT NULL,
    CONSTRAINT `PRIMARY` PRIMARY KEY (`NEstadoVerificacion`)
) CHARACTER SET=utf8mb4;
2025-09-09 10:59:15.399 -05:00 [INF] Executed DbCommand (9ms) [Parameters=[], CommandType='"Text"', CommandTimeout='30']
CREATE TABLE `TGrupoSanguineo` (
    `NGrupoSanguineoID` int(12) NOT NULL AUTO_INCREMENT,
    `CNombre` varchar(10) CHARACTER SET utf8mb4 NOT NULL,
    CONSTRAINT `PRIMARY` PRIMARY KEY (`NGrupoSanguineoID`)
) CHARACTER SET=utf8mb4;
2025-09-09 10:59:15.418 -05:00 [INF] Executed DbCommand (15ms) [Parameters=[], CommandType='"Text"', CommandTimeout='30']
CREATE TABLE `TRol` (
    `NRolID` int(32) NOT NULL AUTO_INCREMENT,
    `CNombre` varchar(20) CHARACTER SET utf8mb4 NOT NULL,
    CONSTRAINT `PRIMARY` PRIMARY KEY (`NRolID`)
) CHARACTER SET=utf8mb4;
2025-09-09 10:59:15.429 -05:00 [INF] Executed DbCommand (9ms) [Parameters=[], CommandType='"Text"', CommandTimeout='30']
CREATE TABLE `TTipoIdentificacion` (
    `NTipoIdentificacion` int(12) NOT NULL AUTO_INCREMENT,
    `CNombre` varchar(30) CHARACTER SET utf8mb4 NOT NULL,
    CONSTRAINT `PRIMARY` PRIMARY KEY (`NTipoIdentificacion`)
) CHARACTER SET=utf8mb4;
2025-09-09 10:59:15.462 -05:00 [INF] Executed DbCommand (29ms) [Parameters=[], CommandType='"Text"', CommandTimeout='30']
CREATE TABLE `TUsuarios` (
    `nUsuarioID` int(32) NOT NULL AUTO_INCREMENT,
    `NEstadoVerificacionFK` int(12) NOT NULL,
    `NEstadoUsuarioFK` int(12) NOT NULL,
    `NRolFK` int(12) NOT NULL,
    `CNombre` varchar(50) CHARACTER SET utf8mb4 NOT NULL,
    `CApellido` varchar(100) CHARACTER SET utf8mb4 NOT NULL,
    `CEmail` varchar(255) CHARACTER SET utf8mb4 NOT NULL,
    `CPassword` varchar(255) CHARACTER SET utf8mb4 NOT NULL,
    `DFechaRegistro` DateTime NOT NULL,
    CONSTRAINT `PRIMARY` PRIMARY KEY (`nUsuarioID`),
    CONSTRAINT `FK_Usuarios_EstadoUsuarios` FOREIGN KEY (`NEstadoUsuarioFK`) REFERENCES `TEstadoUsuario` (`NEstadoUsuarioID`) ON DELETE RESTRICT,
    CONSTRAINT `FK_Usuarios_EstadoVerificacion` FOREIGN KEY (`NEstadoVerificacionFK`) REFERENCES `TEstadoVerificacion` (`NEstadoVerificacion`) ON DELETE RESTRICT,
    CONSTRAINT `FK_Usuarios_Rol` FOREIGN KEY (`NRolFK`) REFERENCES `TRol` (`NRolID`) ON DELETE RESTRICT
) CHARACTER SET=utf8mb4;
2025-09-09 10:59:15.493 -05:00 [INF] Executed DbCommand (27ms) [Parameters=[], CommandType='"Text"', CommandTimeout='30']
CREATE TABLE `TLogins` (
    `NLoginID` int(32) NOT NULL AUTO_INCREMENT,
    `DFechaLogin` DateTime NOT NULL,
    `NUsuarioFK` int(32) NOT NULL,
    CONSTRAINT `PRIMARY` PRIMARY KEY (`NLoginID`),
    CONSTRAINT `FK_Usuarios_Logins` FOREIGN KEY (`NUsuarioFK`) REFERENCES `TUsuarios` (`nUsuarioID`) ON DELETE RESTRICT
) CHARACTER SET=utf8mb4;
2025-09-09 10:59:15.525 -05:00 [INF] Executed DbCommand (29ms) [Parameters=[], CommandType='"Text"', CommandTimeout='30']
CREATE TABLE `TPersona` (
    `NPersonaID` int(32) NOT NULL AUTO_INCREMENT,
    `NUsuarioFK` int(32) NOT NULL,
    `NTipoIdentificacionFK` int(32) NOT NULL,
    `CNroIdentificacion` varchar(20) CHARACTER SET utf8mb4 NOT NULL,
    `CNroConctacto` varchar(30) CHARACTER SET utf8mb4 NOT NULL,
    `CDireccion` varchar(255) CHARACTER SET utf8mb4 NOT NULL,
    `DFechaNacimiento` DateTime NOT NULL,
    `ESexo` varchar(25) CHARACTER SET utf8mb4 NOT NULL,
    CONSTRAINT `PRIMARY` PRIMARY KEY (`NPersonaID`),
    CONSTRAINT `FK_Personas_TipoIdentificacion` FOREIGN KEY (`NTipoIdentificacionFK`) REFERENCES `TTipoIdentificacion` (`NTipoIdentificacion`) ON DELETE RESTRICT,
    CONSTRAINT `FK_TPersona_TUsuarios_NUsuarioFK` FOREIGN KEY (`NUsuarioFK`) REFERENCES `TUsuarios` (`nUsuarioID`)
) CHARACTER SET=utf8mb4;
2025-09-09 10:59:15.573 -05:00 [INF] Executed DbCommand (45ms) [Parameters=[], CommandType='"Text"', CommandTimeout='30']
CREATE TABLE `TPaciente` (
    `NPacienteID` int(32) NOT NULL AUTO_INCREMENT,
    `NPersonaFK` int(32) NOT NULL,
    `NGrupoSanguineoFK` int(6) NOT NULL,
    `CAlergiasGenerales` varchar(2000) CHARACTER SET utf8mb4 NOT NULL,
    CONSTRAINT `PRIMARY` PRIMARY KEY (`NPacienteID`),
    CONSTRAINT `FK_TPaciente_TPersona_NPersonaFK` FOREIGN KEY (`NPersonaFK`) REFERENCES `TPersona` (`NPersonaID`)
) CHARACTER SET=utf8mb4;
2025-09-09 10:59:15.604 -05:00 [INF] Executed DbCommand (28ms) [Parameters=[], CommandType='"Text"', CommandTimeout='30']
CREATE TABLE `TProfesional` (
    `NProfesionalID` int(32) NOT NULL AUTO_INCREMENT,
    `NPersonaFK` int(32) NOT NULL,
    `CRegistroProfesional` varchar(50) CHARACTER SET utf8mb4 NOT NULL,
    `DFechaContratacion` DateTime NOT NULL,
    `ETipoProfesional` varchar(25) CHARACTER SET utf8mb4 NOT NULL,
    `CBiografia` varchar(2000) CHARACTER SET utf8mb4 NOT NULL,
    CONSTRAINT `PRIMARY` PRIMARY KEY (`NProfesionalID`),
    CONSTRAINT `FK_TProfesional_TPersona_NPersonaFK` FOREIGN KEY (`NPersonaFK`) REFERENCES `TPersona` (`NPersonaID`)
) CHARACTER SET=utf8mb4;
2025-09-09 10:59:15.612 -05:00 [INF] Executed DbCommand (5ms) [Parameters=[], CommandType='"Text"', CommandTimeout='30']
INSERT INTO `TDiaSemana` (`NDiaSemanaID`, `CNombre`)
VALUES (1, 'Lunes'),
(2, 'Martes'),
(3, 'Miércoles'),
(4, 'Jueves'),
(5, 'Viernes'),
(6, 'Sábado'),
(7, 'Domingo');
2025-09-09 10:59:15.618 -05:00 [INF] Executed DbCommand (3ms) [Parameters=[], CommandType='"Text"', CommandTimeout='30']
INSERT INTO `TEstadoUsuario` (`NEstadoUsuarioID`, `CNombre`)
VALUES (1, 'Activo'),
(2, 'Inactivo');
2025-09-09 10:59:15.624 -05:00 [INF] Executed DbCommand (3ms) [Parameters=[], CommandType='"Text"', CommandTimeout='30']
INSERT INTO `TEstadoVerificacion` (`NEstadoVerificacion`, `CNombre`)
VALUES (1, 'Verificado'),
(2, 'No Verificado');
2025-09-09 10:59:15.631 -05:00 [INF] Executed DbCommand (3ms) [Parameters=[], CommandType='"Text"', CommandTimeout='30']
INSERT INTO `TGrupoSanguineo` (`NGrupoSanguineoID`, `CNombre`)
VALUES (1, 'A+'),
(2, 'A-'),
(3, 'B+'),
(4, 'B-'),
(5, 'AB+'),
(6, 'AB-'),
(7, 'O+'),
(8, 'O-');
2025-09-09 10:59:15.637 -05:00 [INF] Executed DbCommand (3ms) [Parameters=[], CommandType='"Text"', CommandTimeout='30']
INSERT INTO `TRol` (`NRolID`, `CNombre`)
VALUES (1, 'Administrador'),
(2, 'Paciente'),
(3, 'Medico');
2025-09-09 10:59:15.643 -05:00 [INF] Executed DbCommand (3ms) [Parameters=[], CommandType='"Text"', CommandTimeout='30']
INSERT INTO `TTipoIdentificacion` (`NTipoIdentificacion`, `CNombre`)
VALUES (1, 'Cédula de ciudadanía'),
(2, 'Tarjeta de identidad'),
(3, 'Registro civil de nacimiento'),
(4, 'Cédula de extranjería'),
(5, 'Pasaporte');
2025-09-09 10:59:15.659 -05:00 [INF] Executed DbCommand (13ms) [Parameters=[], CommandType='"Text"', CommandTimeout='30']
CREATE UNIQUE INDEX `CNombre` ON `TArea` (`CNombre`);
2025-09-09 10:59:15.674 -05:00 [INF] Executed DbCommand (12ms) [Parameters=[], CommandType='"Text"', CommandTimeout='30']
CREATE UNIQUE INDEX `CNombre1` ON `TDiaSemana` (`CNombre`);
2025-09-09 10:59:15.685 -05:00 [INF] Executed DbCommand (8ms) [Parameters=[], CommandType='"Text"', CommandTimeout='30']
CREATE UNIQUE INDEX `CNombre2` ON `TEspecialidad` (`CNombre`);
2025-09-09 10:59:15.701 -05:00 [INF] Executed DbCommand (12ms) [Parameters=[], CommandType='"Text"', CommandTimeout='30']
CREATE UNIQUE INDEX `CNombre3` ON `TEstadoCita` (`CNombre`);
2025-09-09 10:59:15.716 -05:00 [INF] Executed DbCommand (11ms) [Parameters=[], CommandType='"Text"', CommandTimeout='30']
CREATE UNIQUE INDEX `CNombre4` ON `TEstadoUsuario` (`CNombre`);
2025-09-09 10:59:15.729 -05:00 [INF] Executed DbCommand (10ms) [Parameters=[], CommandType='"Text"', CommandTimeout='30']
CREATE UNIQUE INDEX `CNombre5` ON `TEstadoVerificacion` (`CNombre`);
2025-09-09 10:59:15.743 -05:00 [INF] Executed DbCommand (11ms) [Parameters=[], CommandType='"Text"', CommandTimeout='30']
CREATE UNIQUE INDEX `CNombre6` ON `TGrupoSanguineo` (`CNombre`);
2025-09-09 10:59:15.760 -05:00 [INF] Executed DbCommand (13ms) [Parameters=[], CommandType='"Text"', CommandTimeout='30']
CREATE INDEX `IX_TLogins_NUsuarioFK` ON `TLogins` (`NUsuarioFK`);
2025-09-09 10:59:15.774 -05:00 [INF] Executed DbCommand (11ms) [Parameters=[], CommandType='"Text"', CommandTimeout='30']
CREATE UNIQUE INDEX `IX_TPaciente_NPersonaFK` ON `TPaciente` (`NPersonaFK`);
2025-09-09 10:59:15.787 -05:00 [INF] Executed DbCommand (10ms) [Parameters=[], CommandType='"Text"', CommandTimeout='30']
CREATE UNIQUE INDEX `CNroIdentificacion` ON `TPersona` (`CNroIdentificacion`);
2025-09-09 10:59:15.805 -05:00 [INF] Executed DbCommand (14ms) [Parameters=[], CommandType='"Text"', CommandTimeout='30']
CREATE INDEX `IX_TPersona_NTipoIdentificacionFK` ON `TPersona` (`NTipoIdentificacionFK`);
2025-09-09 10:59:15.819 -05:00 [INF] Executed DbCommand (10ms) [Parameters=[], CommandType='"Text"', CommandTimeout='30']
CREATE UNIQUE INDEX `IX_TPersona_NUsuarioFK` ON `TPersona` (`NUsuarioFK`);
2025-09-09 10:59:15.832 -05:00 [INF] Executed DbCommand (9ms) [Parameters=[], CommandType='"Text"', CommandTimeout='30']
CREATE UNIQUE INDEX `CRegistroProfesional` ON `TProfesional` (`CRegistroProfesional`);
2025-09-09 10:59:15.845 -05:00 [INF] Executed DbCommand (10ms) [Parameters=[], CommandType='"Text"', CommandTimeout='30']
CREATE UNIQUE INDEX `IX_TProfesional_NPersonaFK` ON `TProfesional` (`NPersonaFK`);
2025-09-09 10:59:15.857 -05:00 [INF] Executed DbCommand (9ms) [Parameters=[], CommandType='"Text"', CommandTimeout='30']
CREATE UNIQUE INDEX `CNombre7` ON `TRol` (`CNombre`);
2025-09-09 10:59:15.871 -05:00 [INF] Executed DbCommand (10ms) [Parameters=[], CommandType='"Text"', CommandTimeout='30']
CREATE UNIQUE INDEX `CNombre8` ON `TTipoIdentificacion` (`CNombre`);
2025-09-09 10:59:15.883 -05:00 [INF] Executed DbCommand (10ms) [Parameters=[], CommandType='"Text"', CommandTimeout='30']
CREATE UNIQUE INDEX `CEmail` ON `TUsuarios` (`CEmail`);
2025-09-09 10:59:15.898 -05:00 [INF] Executed DbCommand (12ms) [Parameters=[], CommandType='"Text"', CommandTimeout='30']
CREATE INDEX `IX_TUsuarios_NEstadoUsuarioFK` ON `TUsuarios` (`NEstadoUsuarioFK`);
2025-09-09 10:59:15.915 -05:00 [INF] Executed DbCommand (13ms) [Parameters=[], CommandType='"Text"', CommandTimeout='30']
CREATE INDEX `IX_TUsuarios_NEstadoVerificacionFK` ON `TUsuarios` (`NEstadoVerificacionFK`);
2025-09-09 10:59:15.928 -05:00 [INF] Executed DbCommand (11ms) [Parameters=[], CommandType='"Text"', CommandTimeout='30']
CREATE INDEX `IX_TUsuarios_NRolFK` ON `TUsuarios` (`NRolFK`);
2025-09-09 10:59:16.086 -05:00 [INF] User profile is available. Using 'C:\Users\ronal\AppData\Local\ASP.NET\DataProtection-Keys' as key repository and Windows DPAPI to encrypt keys at rest.
2025-09-09 10:59:16.202 -05:00 [INF] Now listening on: http://[::]:5000
2025-09-09 10:59:16.206 -05:00 [INF] Application started. Press Ctrl+C to shut down.
2025-09-09 10:59:16.207 -05:00 [INF] Hosting environment: Production
2025-09-09 10:59:16.209 -05:00 [INF] Content root path: C:\Users\ronal\Desktop\Archivos\Api_Mediconnet_Onion\api
2025-09-09 11:40:22.704 -05:00 [INF] Executed DbCommand (2ms) [Parameters=[], CommandType='"Text"', CommandTimeout='30']
CREATE DATABASE `Api`;
2025-09-09 11:40:22.898 -05:00 [INF] Executed DbCommand (1ms) [Parameters=[], CommandType='"Text"', CommandTimeout='30']
ALTER DATABASE CHARACTER SET utf8mb4;
2025-09-09 11:40:22.910 -05:00 [INF] Executed DbCommand (8ms) [Parameters=[], CommandType='"Text"', CommandTimeout='30']
CREATE TABLE `TArea` (
    `NAreaID` int(12) NOT NULL AUTO_INCREMENT,
    `CNombre` varchar(30) CHARACTER SET utf8mb4 NOT NULL,
    `CDescripcion` varchar(1000) CHARACTER SET utf8mb4 NOT NULL,
    CONSTRAINT `PRIMARY` PRIMARY KEY (`NAreaID`)
) CHARACTER SET=utf8mb4;
2025-09-09 11:40:22.919 -05:00 [INF] Executed DbCommand (7ms) [Parameters=[], CommandType='"Text"', CommandTimeout='30']
CREATE TABLE `TDiaSemana` (
    `NDiaSemanaID` int(12) NOT NULL AUTO_INCREMENT,
    `CNombre` varchar(30) CHARACTER SET utf8mb4 NOT NULL,
    CONSTRAINT `PRIMARY` PRIMARY KEY (`NDiaSemanaID`)
) CHARACTER SET=utf8mb4;
2025-09-09 11:40:22.929 -05:00 [INF] Executed DbCommand (7ms) [Parameters=[], CommandType='"Text"', CommandTimeout='30']
CREATE TABLE `TEspecialidad` (
    `NEspecialidadID` int(12) NOT NULL AUTO_INCREMENT,
    `CNombre` varchar(30) CHARACTER SET utf8mb4 NOT NULL,
    `CDescripcion` varchar(100) CHARACTER SET utf8mb4 NOT NULL,
    CONSTRAINT `PRIMARY` PRIMARY KEY (`NEspecialidadID`)
) CHARACTER SET=utf8mb4;
2025-09-09 11:40:22.941 -05:00 [INF] Executed DbCommand (8ms) [Parameters=[], CommandType='"Text"', CommandTimeout='30']
CREATE TABLE `TEstadoCita` (
    `NEstadoCitaID` int(6) NOT NULL AUTO_INCREMENT,
    `CNombre` varchar(30) CHARACTER SET utf8mb4 NOT NULL,
    CONSTRAINT `PRIMARY` PRIMARY KEY (`NEstadoCitaID`)
) CHARACTER SET=utf8mb4;
2025-09-09 11:40:22.952 -05:00 [INF] Executed DbCommand (8ms) [Parameters=[], CommandType='"Text"', CommandTimeout='30']
CREATE TABLE `TEstadoUsuario` (
    `NEstadoUsuarioID` int(12) NOT NULL AUTO_INCREMENT,
    `CNombre` varchar(20) CHARACTER SET utf8mb4 NOT NULL,
    CONSTRAINT `PRIMARY` PRIMARY KEY (`NEstadoUsuarioID`)
) CHARACTER SET=utf8mb4;
2025-09-09 11:40:22.964 -05:00 [INF] Executed DbCommand (8ms) [Parameters=[], CommandType='"Text"', CommandTimeout='30']
CREATE TABLE `TEstadoVerificacion` (
    `NEstadoVerificacion` int(12) NOT NULL AUTO_INCREMENT,
    `CNombre` varchar(30) CHARACTER SET utf8mb4 NOT NULL,
    CONSTRAINT `PRIMARY` PRIMARY KEY (`NEstadoVerificacion`)
) CHARACTER SET=utf8mb4;
2025-09-09 11:40:22.976 -05:00 [INF] Executed DbCommand (9ms) [Parameters=[], CommandType='"Text"', CommandTimeout='30']
CREATE TABLE `TGrupoSanguineo` (
    `NGrupoSanguineoID` int(12) NOT NULL AUTO_INCREMENT,
    `CNombre` varchar(10) CHARACTER SET utf8mb4 NOT NULL,
    CONSTRAINT `PRIMARY` PRIMARY KEY (`NGrupoSanguineoID`)
) CHARACTER SET=utf8mb4;
2025-09-09 11:40:22.988 -05:00 [INF] Executed DbCommand (8ms) [Parameters=[], CommandType='"Text"', CommandTimeout='30']
CREATE TABLE `TRol` (
    `NRolID` int(32) NOT NULL AUTO_INCREMENT,
    `CNombre` varchar(20) CHARACTER SET utf8mb4 NOT NULL,
    CONSTRAINT `PRIMARY` PRIMARY KEY (`NRolID`)
) CHARACTER SET=utf8mb4;
2025-09-09 11:40:22.999 -05:00 [INF] Executed DbCommand (9ms) [Parameters=[], CommandType='"Text"', CommandTimeout='30']
CREATE TABLE `TTipoIdentificacion` (
    `NTipoIdentificacion` int(12) NOT NULL AUTO_INCREMENT,
    `CNombre` varchar(30) CHARACTER SET utf8mb4 NOT NULL,
    CONSTRAINT `PRIMARY` PRIMARY KEY (`NTipoIdentificacion`)
) CHARACTER SET=utf8mb4;
2025-09-09 11:40:23.028 -05:00 [INF] Executed DbCommand (26ms) [Parameters=[], CommandType='"Text"', CommandTimeout='30']
CREATE TABLE `TUsuario` (
    `nUsuarioID` int(32) NOT NULL AUTO_INCREMENT,
    `NEstadoVerificacionFK` int(12) NOT NULL,
    `NEstadoUsuarioFK` int(12) NOT NULL,
    `NRolFK` int(12) NOT NULL,
    `CNombre` varchar(50) CHARACTER SET utf8mb4 NOT NULL,
    `CApellido` varchar(100) CHARACTER SET utf8mb4 NOT NULL,
    `CEmail` varchar(255) CHARACTER SET utf8mb4 NOT NULL,
    `CPassword` varchar(255) CHARACTER SET utf8mb4 NOT NULL,
    `DFechaRegistro` DateTime NOT NULL,
    CONSTRAINT `PRIMARY` PRIMARY KEY (`nUsuarioID`),
    CONSTRAINT `FK_Usuario_EstadoUsuario` FOREIGN KEY (`NEstadoUsuarioFK`) REFERENCES `TEstadoUsuario` (`NEstadoUsuarioID`) ON DELETE RESTRICT,
    CONSTRAINT `FK_Usuario_EstadoVerificacion` FOREIGN KEY (`NEstadoVerificacionFK`) REFERENCES `TEstadoVerificacion` (`NEstadoVerificacion`) ON DELETE RESTRICT,
    CONSTRAINT `FK_Usuario_Rol` FOREIGN KEY (`NRolFK`) REFERENCES `TRol` (`NRolID`) ON DELETE RESTRICT
) CHARACTER SET=utf8mb4;
2025-09-09 11:40:23.056 -05:00 [INF] Executed DbCommand (25ms) [Parameters=[], CommandType='"Text"', CommandTimeout='30']
CREATE TABLE `TLogins` (
    `NLoginID` int(32) NOT NULL AUTO_INCREMENT,
    `DFechaLogin` DateTime NOT NULL,
    `NUsuarioFK` int(32) NOT NULL,
    CONSTRAINT `PRIMARY` PRIMARY KEY (`NLoginID`),
    CONSTRAINT `FK_Usuario_Logins` FOREIGN KEY (`NUsuarioFK`) REFERENCES `TUsuario` (`nUsuarioID`) ON DELETE RESTRICT
) CHARACTER SET=utf8mb4;
2025-09-09 11:40:23.091 -05:00 [INF] Executed DbCommand (32ms) [Parameters=[], CommandType='"Text"', CommandTimeout='30']
CREATE TABLE `TPersona` (
    `NPersonaID` int(32) NOT NULL AUTO_INCREMENT,
    `NUsuarioFK` int(32) NOT NULL,
    `NTipoIdentificacionFK` int(32) NOT NULL,
    `CNroIdentificacion` varchar(20) CHARACTER SET utf8mb4 NOT NULL,
    `CNroConctacto` varchar(30) CHARACTER SET utf8mb4 NOT NULL,
    `CDireccion` varchar(255) CHARACTER SET utf8mb4 NOT NULL,
    `DFechaNacimiento` DateTime NOT NULL,
    `ESexo` varchar(25) CHARACTER SET utf8mb4 NOT NULL,
    CONSTRAINT `PRIMARY` PRIMARY KEY (`NPersonaID`),
    CONSTRAINT `FK_Personas_TipoIdentificacion` FOREIGN KEY (`NTipoIdentificacionFK`) REFERENCES `TTipoIdentificacion` (`NTipoIdentificacion`) ON DELETE RESTRICT,
    CONSTRAINT `FK_TPersona_TUsuario_NUsuarioFK` FOREIGN KEY (`NUsuarioFK`) REFERENCES `TUsuario` (`nUsuarioID`)
) CHARACTER SET=utf8mb4;
2025-09-09 11:40:23.129 -05:00 [INF] Executed DbCommand (25ms) [Parameters=[], CommandType='"Text"', CommandTimeout='30']
CREATE TABLE `TPaciente` (
    `NPacienteID` int(32) NOT NULL AUTO_INCREMENT,
    `NPersonaFK` int(32) NOT NULL,
    `NGrupoSanguineoFK` int(6) NOT NULL,
    `CAlergiasGenerales` varchar(2000) CHARACTER SET utf8mb4 NOT NULL,
    CONSTRAINT `PRIMARY` PRIMARY KEY (`NPacienteID`),
    CONSTRAINT `FK_TPaciente_TPersona_NPersonaFK` FOREIGN KEY (`NPersonaFK`) REFERENCES `TPersona` (`NPersonaID`)
) CHARACTER SET=utf8mb4;
2025-09-09 11:40:23.154 -05:00 [INF] Executed DbCommand (21ms) [Parameters=[], CommandType='"Text"', CommandTimeout='30']
CREATE TABLE `TProfesional` (
    `NProfesionalID` int(32) NOT NULL AUTO_INCREMENT,
    `NPersonaFK` int(32) NOT NULL,
    `CRegistroProfesional` varchar(50) CHARACTER SET utf8mb4 NOT NULL,
    `DFechaContratacion` DateTime NOT NULL,
    `ETipoProfesional` varchar(25) CHARACTER SET utf8mb4 NOT NULL,
    `CBiografia` varchar(2000) CHARACTER SET utf8mb4 NOT NULL,
    CONSTRAINT `PRIMARY` PRIMARY KEY (`NProfesionalID`),
    CONSTRAINT `FK_TProfesional_TPersona_NPersonaFK` FOREIGN KEY (`NPersonaFK`) REFERENCES `TPersona` (`NPersonaID`)
) CHARACTER SET=utf8mb4;
2025-09-09 11:40:23.159 -05:00 [INF] Executed DbCommand (3ms) [Parameters=[], CommandType='"Text"', CommandTimeout='30']
INSERT INTO `TDiaSemana` (`NDiaSemanaID`, `CNombre`)
VALUES (1, 'Lunes'),
(2, 'Martes'),
(3, 'Miércoles'),
(4, 'Jueves'),
(5, 'Viernes'),
(6, 'Sábado'),
(7, 'Domingo');
2025-09-09 11:40:23.166 -05:00 [INF] Executed DbCommand (3ms) [Parameters=[], CommandType='"Text"', CommandTimeout='30']
INSERT INTO `TEstadoUsuario` (`NEstadoUsuarioID`, `CNombre`)
VALUES (1, 'Activo'),
(2, 'Inactivo');
2025-09-09 11:40:23.171 -05:00 [INF] Executed DbCommand (2ms) [Parameters=[], CommandType='"Text"', CommandTimeout='30']
INSERT INTO `TEstadoVerificacion` (`NEstadoVerificacion`, `CNombre`)
VALUES (1, 'Verificado'),
(2, 'No Verificado');
2025-09-09 11:40:23.176 -05:00 [INF] Executed DbCommand (2ms) [Parameters=[], CommandType='"Text"', CommandTimeout='30']
INSERT INTO `TGrupoSanguineo` (`NGrupoSanguineoID`, `CNombre`)
VALUES (1, 'A+'),
(2, 'A-'),
(3, 'B+'),
(4, 'B-'),
(5, 'AB+'),
(6, 'AB-'),
(7, 'O+'),
(8, 'O-');
2025-09-09 11:40:23.181 -05:00 [INF] Executed DbCommand (3ms) [Parameters=[], CommandType='"Text"', CommandTimeout='30']
INSERT INTO `TRol` (`NRolID`, `CNombre`)
VALUES (1, 'Administrador'),
(2, 'Paciente'),
(3, 'Medico');
2025-09-09 11:40:23.186 -05:00 [INF] Executed DbCommand (2ms) [Parameters=[], CommandType='"Text"', CommandTimeout='30']
INSERT INTO `TTipoIdentificacion` (`NTipoIdentificacion`, `CNombre`)
VALUES (1, 'Cédula de ciudadanía'),
(2, 'Tarjeta de identidad'),
(3, 'Registro civil de nacimiento'),
(4, 'Cédula de extranjería'),
(5, 'Pasaporte');
2025-09-09 11:40:23.198 -05:00 [INF] Executed DbCommand (9ms) [Parameters=[], CommandType='"Text"', CommandTimeout='30']
CREATE UNIQUE INDEX `CNombre` ON `TArea` (`CNombre`);
2025-09-09 11:40:23.210 -05:00 [INF] Executed DbCommand (9ms) [Parameters=[], CommandType='"Text"', CommandTimeout='30']
CREATE UNIQUE INDEX `CNombre1` ON `TDiaSemana` (`CNombre`);
2025-09-09 11:40:23.222 -05:00 [INF] Executed DbCommand (9ms) [Parameters=[], CommandType='"Text"', CommandTimeout='30']
CREATE UNIQUE INDEX `CNombre2` ON `TEspecialidad` (`CNombre`);
2025-09-09 11:40:23.233 -05:00 [INF] Executed DbCommand (8ms) [Parameters=[], CommandType='"Text"', CommandTimeout='30']
CREATE UNIQUE INDEX `CNombre3` ON `TEstadoCita` (`CNombre`);
2025-09-09 11:40:23.246 -05:00 [INF] Executed DbCommand (9ms) [Parameters=[], CommandType='"Text"', CommandTimeout='30']
CREATE UNIQUE INDEX `CNombre4` ON `TEstadoUsuario` (`CNombre`);
2025-09-09 11:40:23.258 -05:00 [INF] Executed DbCommand (9ms) [Parameters=[], CommandType='"Text"', CommandTimeout='30']
CREATE UNIQUE INDEX `CNombre5` ON `TEstadoVerificacion` (`CNombre`);
2025-09-09 11:40:23.269 -05:00 [INF] Executed DbCommand (9ms) [Parameters=[], CommandType='"Text"', CommandTimeout='30']
CREATE UNIQUE INDEX `CNombre6` ON `TGrupoSanguineo` (`CNombre`);
2025-09-09 11:40:23.283 -05:00 [INF] Executed DbCommand (11ms) [Parameters=[], CommandType='"Text"', CommandTimeout='30']
CREATE INDEX `IX_TLogins_NUsuarioFK` ON `TLogins` (`NUsuarioFK`);
2025-09-09 11:40:23.298 -05:00 [INF] Executed DbCommand (12ms) [Parameters=[], CommandType='"Text"', CommandTimeout='30']
CREATE UNIQUE INDEX `IX_TPaciente_NPersonaFK` ON `TPaciente` (`NPersonaFK`);
2025-09-09 11:40:23.309 -05:00 [INF] Executed DbCommand (8ms) [Parameters=[], CommandType='"Text"', CommandTimeout='30']
CREATE UNIQUE INDEX `CNroIdentificacion` ON `TPersona` (`CNroIdentificacion`);
2025-09-09 11:40:23.320 -05:00 [INF] Executed DbCommand (9ms) [Parameters=[], CommandType='"Text"', CommandTimeout='30']
CREATE INDEX `IX_TPersona_NTipoIdentificacionFK` ON `TPersona` (`NTipoIdentificacionFK`);
2025-09-09 11:40:23.331 -05:00 [INF] Executed DbCommand (9ms) [Parameters=[], CommandType='"Text"', CommandTimeout='30']
CREATE UNIQUE INDEX `IX_TPersona_NUsuarioFK` ON `TPersona` (`NUsuarioFK`);
2025-09-09 11:40:23.344 -05:00 [INF] Executed DbCommand (10ms) [Parameters=[], CommandType='"Text"', CommandTimeout='30']
CREATE UNIQUE INDEX `CRegistroProfesional` ON `TProfesional` (`CRegistroProfesional`);
2025-09-09 11:40:23.355 -05:00 [INF] Executed DbCommand (9ms) [Parameters=[], CommandType='"Text"', CommandTimeout='30']
CREATE UNIQUE INDEX `IX_TProfesional_NPersonaFK` ON `TProfesional` (`NPersonaFK`);
2025-09-09 11:40:23.368 -05:00 [INF] Executed DbCommand (10ms) [Parameters=[], CommandType='"Text"', CommandTimeout='30']
CREATE UNIQUE INDEX `CNombre7` ON `TRol` (`CNombre`);
2025-09-09 11:40:23.380 -05:00 [INF] Executed DbCommand (9ms) [Parameters=[], CommandType='"Text"', CommandTimeout='30']
CREATE UNIQUE INDEX `CNombre8` ON `TTipoIdentificacion` (`CNombre`);
2025-09-09 11:40:23.392 -05:00 [INF] Executed DbCommand (9ms) [Parameters=[], CommandType='"Text"', CommandTimeout='30']
CREATE UNIQUE INDEX `CEmail` ON `TUsuario` (`CEmail`);
2025-09-09 11:40:23.406 -05:00 [INF] Executed DbCommand (12ms) [Parameters=[], CommandType='"Text"', CommandTimeout='30']
CREATE UNIQUE INDEX `IX_TUsuario_NEstadoUsuarioFK` ON `TUsuario` (`NEstadoUsuarioFK`);
2025-09-09 11:40:23.419 -05:00 [INF] Executed DbCommand (10ms) [Parameters=[], CommandType='"Text"', CommandTimeout='30']
CREATE UNIQUE INDEX `IX_TUsuario_NEstadoVerificacionFK` ON `TUsuario` (`NEstadoVerificacionFK`);
2025-09-09 11:40:23.430 -05:00 [INF] Executed DbCommand (9ms) [Parameters=[], CommandType='"Text"', CommandTimeout='30']
CREATE UNIQUE INDEX `IX_TUsuario_NRolFK` ON `TUsuario` (`NRolFK`);
2025-09-09 11:40:23.542 -05:00 [INF] User profile is available. Using 'C:\Users\ronal\AppData\Local\ASP.NET\DataProtection-Keys' as key repository and Windows DPAPI to encrypt keys at rest.
2025-09-09 11:40:23.616 -05:00 [INF] Now listening on: http://[::]:5000
2025-09-09 11:40:23.621 -05:00 [INF] Application started. Press Ctrl+C to shut down.
2025-09-09 11:40:23.622 -05:00 [INF] Hosting environment: Production
2025-09-09 11:40:23.623 -05:00 [INF] Content root path: C:\Users\ronal\Desktop\Archivos\Api_Mediconnet_Onion\api
2025-09-09 11:40:53.166 -05:00 [INF] Executed DbCommand (13ms) [Parameters=[], CommandType='"Text"', CommandTimeout='30']
SELECT CASE WHEN COUNT(*) = 0 THEN FALSE ELSE TRUE END
FROM information_schema.tables
WHERE table_type = 'BASE TABLE' AND table_schema = 'Api'
2025-09-09 11:40:53.317 -05:00 [INF] User profile is available. Using 'C:\Users\ronal\AppData\Local\ASP.NET\DataProtection-Keys' as key repository and Windows DPAPI to encrypt keys at rest.
2025-09-09 11:40:53.390 -05:00 [INF] Now listening on: http://[::]:5000
2025-09-09 11:40:53.395 -05:00 [INF] Application started. Press Ctrl+C to shut down.
2025-09-09 11:40:53.396 -05:00 [INF] Hosting environment: Production
2025-09-09 11:40:53.397 -05:00 [INF] Content root path: C:\Users\ronal\Desktop\Archivos\Api_Mediconnet_Onion\api
2025-09-09 11:47:40.669 -05:00 [INF] Executed DbCommand (9ms) [Parameters=[], CommandType='"Text"', CommandTimeout='30']
SELECT CASE WHEN COUNT(*) = 0 THEN FALSE ELSE TRUE END
FROM information_schema.tables
WHERE table_type = 'BASE TABLE' AND table_schema = 'Api'
2025-09-09 11:47:40.852 -05:00 [INF] User profile is available. Using 'C:\Users\ronal\AppData\Local\ASP.NET\DataProtection-Keys' as key repository and Windows DPAPI to encrypt keys at rest.
2025-09-09 11:47:40.956 -05:00 [INF] Now listening on: http://[::]:5000
2025-09-09 11:47:40.964 -05:00 [INF] Application started. Press Ctrl+C to shut down.
2025-09-09 11:47:40.966 -05:00 [INF] Hosting environment: Production
2025-09-09 11:47:40.968 -05:00 [INF] Content root path: C:\Users\ronal\Desktop\Archivos\Api_Mediconnet_Onion\api
2025-09-09 11:48:01.250 -05:00 [INF] Executed DbCommand (8ms) [Parameters=[], CommandType='"Text"', CommandTimeout='30']
SELECT CASE WHEN COUNT(*) = 0 THEN FALSE ELSE TRUE END
FROM information_schema.tables
WHERE table_type = 'BASE TABLE' AND table_schema = 'Api'
2025-09-09 11:48:01.404 -05:00 [INF] User profile is available. Using 'C:\Users\ronal\AppData\Local\ASP.NET\DataProtection-Keys' as key repository and Windows DPAPI to encrypt keys at rest.
2025-09-09 11:48:01.472 -05:00 [INF] Now listening on: http://[::]:5000
2025-09-09 11:48:01.476 -05:00 [INF] Application started. Press Ctrl+C to shut down.
2025-09-09 11:48:01.477 -05:00 [INF] Hosting environment: Production
2025-09-09 11:48:01.478 -05:00 [INF] Content root path: C:\Users\ronal\Desktop\Archivos\Api_Mediconnet_Onion\api
2025-09-09 11:48:23.406 -05:00 [INF] Executed DbCommand (7ms) [Parameters=[], CommandType='"Text"', CommandTimeout='30']
SELECT CASE WHEN COUNT(*) = 0 THEN FALSE ELSE TRUE END
FROM information_schema.tables
WHERE table_type = 'BASE TABLE' AND table_schema = 'Api'
2025-09-09 11:48:23.557 -05:00 [INF] User profile is available. Using 'C:\Users\ronal\AppData\Local\ASP.NET\DataProtection-Keys' as key repository and Windows DPAPI to encrypt keys at rest.
2025-09-09 11:48:23.629 -05:00 [INF] Now listening on: http://[::]:5000
2025-09-09 11:48:23.634 -05:00 [INF] Application started. Press Ctrl+C to shut down.
2025-09-09 11:48:23.635 -05:00 [INF] Hosting environment: Production
2025-09-09 11:48:23.636 -05:00 [INF] Content root path: C:\Users\ronal\Desktop\Archivos\Api_Mediconnet_Onion\api
2025-09-09 11:49:31.076 -05:00 [INF] Executed DbCommand (3ms) [Parameters=[], CommandType='"Text"', CommandTimeout='30']
CREATE DATABASE `Api`;
2025-09-09 11:49:31.267 -05:00 [INF] Executed DbCommand (1ms) [Parameters=[], CommandType='"Text"', CommandTimeout='30']
ALTER DATABASE CHARACTER SET utf8mb4;
2025-09-09 11:49:31.280 -05:00 [INF] Executed DbCommand (9ms) [Parameters=[], CommandType='"Text"', CommandTimeout='30']
CREATE TABLE `TArea` (
    `NAreaID` int(12) NOT NULL AUTO_INCREMENT,
    `CNombre` varchar(30) CHARACTER SET utf8mb4 NOT NULL,
    `CDescripcion` varchar(1000) CHARACTER SET utf8mb4 NOT NULL,
    CONSTRAINT `PRIMARY` PRIMARY KEY (`NAreaID`)
) CHARACTER SET=utf8mb4;
2025-09-09 11:49:31.290 -05:00 [INF] Executed DbCommand (7ms) [Parameters=[], CommandType='"Text"', CommandTimeout='30']
CREATE TABLE `TDiaSemana` (
    `NDiaSemanaID` int(12) NOT NULL AUTO_INCREMENT,
    `CNombre` varchar(30) CHARACTER SET utf8mb4 NOT NULL,
    CONSTRAINT `PRIMARY` PRIMARY KEY (`NDiaSemanaID`)
) CHARACTER SET=utf8mb4;
2025-09-09 11:49:31.300 -05:00 [INF] Executed DbCommand (8ms) [Parameters=[], CommandType='"Text"', CommandTimeout='30']
CREATE TABLE `TEspecialidad` (
    `NEspecialidadID` int(12) NOT NULL AUTO_INCREMENT,
    `CNombre` varchar(30) CHARACTER SET utf8mb4 NOT NULL,
    `CDescripcion` varchar(100) CHARACTER SET utf8mb4 NOT NULL,
    CONSTRAINT `PRIMARY` PRIMARY KEY (`NEspecialidadID`)
) CHARACTER SET=utf8mb4;
2025-09-09 11:49:31.313 -05:00 [INF] Executed DbCommand (10ms) [Parameters=[], CommandType='"Text"', CommandTimeout='30']
CREATE TABLE `TEstadoCita` (
    `NEstadoCitaID` int(6) NOT NULL AUTO_INCREMENT,
    `CNombre` varchar(30) CHARACTER SET utf8mb4 NOT NULL,
    CONSTRAINT `PRIMARY` PRIMARY KEY (`NEstadoCitaID`)
) CHARACTER SET=utf8mb4;
2025-09-09 11:49:31.327 -05:00 [INF] Executed DbCommand (10ms) [Parameters=[], CommandType='"Text"', CommandTimeout='30']
CREATE TABLE `TEstadoUsuario` (
    `NEstadoUsuarioID` int(12) NOT NULL AUTO_INCREMENT,
    `CNombre` varchar(20) CHARACTER SET utf8mb4 NOT NULL,
    CONSTRAINT `PRIMARY` PRIMARY KEY (`NEstadoUsuarioID`)
) CHARACTER SET=utf8mb4;
2025-09-09 11:49:31.337 -05:00 [INF] Executed DbCommand (7ms) [Parameters=[], CommandType='"Text"', CommandTimeout='30']
CREATE TABLE `TEstadoVerificacion` (
    `NEstadoVerificacion` int(12) NOT NULL AUTO_INCREMENT,
    `CNombre` varchar(30) CHARACTER SET utf8mb4 NOT NULL,
    CONSTRAINT `PRIMARY` PRIMARY KEY (`NEstadoVerificacion`)
) CHARACTER SET=utf8mb4;
2025-09-09 11:49:31.347 -05:00 [INF] Executed DbCommand (8ms) [Parameters=[], CommandType='"Text"', CommandTimeout='30']
CREATE TABLE `TGrupoSanguineo` (
    `NGrupoSanguineoID` int(12) NOT NULL AUTO_INCREMENT,
    `CNombre` varchar(10) CHARACTER SET utf8mb4 NOT NULL,
    CONSTRAINT `PRIMARY` PRIMARY KEY (`NGrupoSanguineoID`)
) CHARACTER SET=utf8mb4;
2025-09-09 11:49:31.359 -05:00 [INF] Executed DbCommand (8ms) [Parameters=[], CommandType='"Text"', CommandTimeout='30']
CREATE TABLE `TRol` (
    `NRolID` int(32) NOT NULL AUTO_INCREMENT,
    `CNombre` varchar(20) CHARACTER SET utf8mb4 NOT NULL,
    CONSTRAINT `PRIMARY` PRIMARY KEY (`NRolID`)
) CHARACTER SET=utf8mb4;
2025-09-09 11:49:31.370 -05:00 [INF] Executed DbCommand (8ms) [Parameters=[], CommandType='"Text"', CommandTimeout='30']
CREATE TABLE `TTipoIdentificacion` (
    `NTipoIdentificacion` int(12) NOT NULL AUTO_INCREMENT,
    `CNombre` varchar(30) CHARACTER SET utf8mb4 NOT NULL,
    CONSTRAINT `PRIMARY` PRIMARY KEY (`NTipoIdentificacion`)
) CHARACTER SET=utf8mb4;
2025-09-09 11:49:31.412 -05:00 [INF] Executed DbCommand (40ms) [Parameters=[], CommandType='"Text"', CommandTimeout='30']
CREATE TABLE `TUsuario` (
    `nUsuarioID` int(32) NOT NULL AUTO_INCREMENT,
    `NEstadoVerificacionFK` int(12) NOT NULL,
    `NEstadoUsuarioFK` int(12) NOT NULL,
    `NRolFK` int(12) NOT NULL,
    `CNombre` varchar(50) CHARACTER SET utf8mb4 NOT NULL,
    `CApellido` varchar(100) CHARACTER SET utf8mb4 NOT NULL,
    `CEmail` varchar(255) CHARACTER SET utf8mb4 NOT NULL,
    `CPassword` varchar(255) CHARACTER SET utf8mb4 NOT NULL,
    `DFechaRegistro` DateTime NOT NULL,
    CONSTRAINT `PRIMARY` PRIMARY KEY (`nUsuarioID`),
    CONSTRAINT `FK_Usuario_EstadoUsuario` FOREIGN KEY (`NEstadoUsuarioFK`) REFERENCES `TEstadoUsuario` (`NEstadoUsuarioID`) ON DELETE RESTRICT,
    CONSTRAINT `FK_Usuario_EstadoVerificacion` FOREIGN KEY (`NEstadoVerificacionFK`) REFERENCES `TEstadoVerificacion` (`NEstadoVerificacion`) ON DELETE RESTRICT,
    CONSTRAINT `FK_Usuario_Rol` FOREIGN KEY (`NRolFK`) REFERENCES `TRol` (`NRolID`) ON DELETE RESTRICT
) CHARACTER SET=utf8mb4;
2025-09-09 11:49:31.439 -05:00 [INF] Executed DbCommand (24ms) [Parameters=[], CommandType='"Text"', CommandTimeout='30']
CREATE TABLE `TLogins` (
    `NLoginID` int(32) NOT NULL AUTO_INCREMENT,
    `DFechaLogin` DateTime NOT NULL,
    `NUsuarioFK` int(32) NOT NULL,
    CONSTRAINT `PRIMARY` PRIMARY KEY (`NLoginID`),
    CONSTRAINT `FK_Usuario_Logins` FOREIGN KEY (`NUsuarioFK`) REFERENCES `TUsuario` (`nUsuarioID`) ON DELETE RESTRICT
) CHARACTER SET=utf8mb4;
2025-09-09 11:49:31.466 -05:00 [INF] Executed DbCommand (25ms) [Parameters=[], CommandType='"Text"', CommandTimeout='30']
CREATE TABLE `TPersona` (
    `NPersonaID` int(32) NOT NULL AUTO_INCREMENT,
    `NUsuarioFK` int(32) NOT NULL,
    `NTipoIdentificacionFK` int(32) NOT NULL,
    `CNroIdentificacion` varchar(20) CHARACTER SET utf8mb4 NOT NULL,
    `CNroConctacto` varchar(30) CHARACTER SET utf8mb4 NOT NULL,
    `CDireccion` varchar(255) CHARACTER SET utf8mb4 NOT NULL,
    `DFechaNacimiento` DateTime NOT NULL,
    `ESexo` varchar(25) CHARACTER SET utf8mb4 NOT NULL,
    CONSTRAINT `PRIMARY` PRIMARY KEY (`NPersonaID`),
    CONSTRAINT `FK_Personas_TipoIdentificacion` FOREIGN KEY (`NTipoIdentificacionFK`) REFERENCES `TTipoIdentificacion` (`NTipoIdentificacion`) ON DELETE RESTRICT,
    CONSTRAINT `FK_TPersona_TUsuario_NUsuarioFK` FOREIGN KEY (`NUsuarioFK`) REFERENCES `TUsuario` (`nUsuarioID`)
) CHARACTER SET=utf8mb4;
2025-09-09 11:49:31.489 -05:00 [INF] Executed DbCommand (20ms) [Parameters=[], CommandType='"Text"', CommandTimeout='30']
CREATE TABLE `TPaciente` (
    `NPacienteID` int(32) NOT NULL AUTO_INCREMENT,
    `NPersonaFK` int(32) NOT NULL,
    `NGrupoSanguineoFK` int(6) NOT NULL,
    `CAlergiasGenerales` varchar(2000) CHARACTER SET utf8mb4 NOT NULL,
    CONSTRAINT `PRIMARY` PRIMARY KEY (`NPacienteID`),
    CONSTRAINT `FK_TPaciente_TPersona_NPersonaFK` FOREIGN KEY (`NPersonaFK`) REFERENCES `TPersona` (`NPersonaID`)
) CHARACTER SET=utf8mb4;
2025-09-09 11:49:31.517 -05:00 [INF] Executed DbCommand (26ms) [Parameters=[], CommandType='"Text"', CommandTimeout='30']
CREATE TABLE `TProfesional` (
    `NProfesionalID` int(32) NOT NULL AUTO_INCREMENT,
    `NPersonaFK` int(32) NOT NULL,
    `CRegistroProfesional` varchar(50) CHARACTER SET utf8mb4 NOT NULL,
    `DFechaContratacion` DateTime NOT NULL,
    `ETipoProfesional` varchar(25) CHARACTER SET utf8mb4 NOT NULL,
    `CBiografia` varchar(2000) CHARACTER SET utf8mb4 NOT NULL,
    CONSTRAINT `PRIMARY` PRIMARY KEY (`NProfesionalID`),
    CONSTRAINT `FK_TProfesional_TPersona_NPersonaFK` FOREIGN KEY (`NPersonaFK`) REFERENCES `TPersona` (`NPersonaID`)
) CHARACTER SET=utf8mb4;
2025-09-09 11:49:31.523 -05:00 [INF] Executed DbCommand (3ms) [Parameters=[], CommandType='"Text"', CommandTimeout='30']
INSERT INTO `TDiaSemana` (`NDiaSemanaID`, `CNombre`)
VALUES (1, 'Lunes'),
(2, 'Martes'),
(3, 'Miércoles'),
(4, 'Jueves'),
(5, 'Viernes'),
(6, 'Sábado'),
(7, 'Domingo');
2025-09-09 11:49:31.528 -05:00 [INF] Executed DbCommand (2ms) [Parameters=[], CommandType='"Text"', CommandTimeout='30']
INSERT INTO `TEstadoUsuario` (`NEstadoUsuarioID`, `CNombre`)
VALUES (1, 'Activo'),
(2, 'Inactivo');
2025-09-09 11:49:31.533 -05:00 [INF] Executed DbCommand (2ms) [Parameters=[], CommandType='"Text"', CommandTimeout='30']
INSERT INTO `TEstadoVerificacion` (`NEstadoVerificacion`, `CNombre`)
VALUES (1, 'Verificado'),
(2, 'No Verificado');
2025-09-09 11:49:31.538 -05:00 [INF] Executed DbCommand (3ms) [Parameters=[], CommandType='"Text"', CommandTimeout='30']
INSERT INTO `TGrupoSanguineo` (`NGrupoSanguineoID`, `CNombre`)
VALUES (1, 'A+'),
(2, 'A-'),
(3, 'B+'),
(4, 'B-'),
(5, 'AB+'),
(6, 'AB-'),
(7, 'O+'),
(8, 'O-');
2025-09-09 11:49:31.544 -05:00 [INF] Executed DbCommand (3ms) [Parameters=[], CommandType='"Text"', CommandTimeout='30']
INSERT INTO `TRol` (`NRolID`, `CNombre`)
VALUES (1, 'Administrador'),
(2, 'Paciente'),
(3, 'Medico');
2025-09-09 11:49:31.549 -05:00 [INF] Executed DbCommand (2ms) [Parameters=[], CommandType='"Text"', CommandTimeout='30']
INSERT INTO `TTipoIdentificacion` (`NTipoIdentificacion`, `CNombre`)
VALUES (1, 'Cédula de ciudadanía'),
(2, 'Tarjeta de identidad'),
(3, 'Registro civil de nacimiento'),
(4, 'Cédula de extranjería'),
(5, 'Pasaporte');
2025-09-09 11:49:31.561 -05:00 [INF] Executed DbCommand (10ms) [Parameters=[], CommandType='"Text"', CommandTimeout='30']
CREATE UNIQUE INDEX `CNombre` ON `TArea` (`CNombre`);
2025-09-09 11:49:31.572 -05:00 [INF] Executed DbCommand (8ms) [Parameters=[], CommandType='"Text"', CommandTimeout='30']
CREATE UNIQUE INDEX `CNombre1` ON `TDiaSemana` (`CNombre`);
2025-09-09 11:49:31.583 -05:00 [INF] Executed DbCommand (9ms) [Parameters=[], CommandType='"Text"', CommandTimeout='30']
CREATE UNIQUE INDEX `CNombre2` ON `TEspecialidad` (`CNombre`);
2025-09-09 11:49:31.594 -05:00 [INF] Executed DbCommand (9ms) [Parameters=[], CommandType='"Text"', CommandTimeout='30']
CREATE UNIQUE INDEX `CNombre3` ON `TEstadoCita` (`CNombre`);
2025-09-09 11:49:31.605 -05:00 [INF] Executed DbCommand (9ms) [Parameters=[], CommandType='"Text"', CommandTimeout='30']
CREATE UNIQUE INDEX `CNombre4` ON `TEstadoUsuario` (`CNombre`);
2025-09-09 11:49:31.617 -05:00 [INF] Executed DbCommand (9ms) [Parameters=[], CommandType='"Text"', CommandTimeout='30']
CREATE UNIQUE INDEX `CNombre5` ON `TEstadoVerificacion` (`CNombre`);
2025-09-09 11:49:31.628 -05:00 [INF] Executed DbCommand (9ms) [Parameters=[], CommandType='"Text"', CommandTimeout='30']
CREATE UNIQUE INDEX `CNombre6` ON `TGrupoSanguineo` (`CNombre`);
2025-09-09 11:49:31.641 -05:00 [INF] Executed DbCommand (11ms) [Parameters=[], CommandType='"Text"', CommandTimeout='30']
CREATE INDEX `IX_TLogins_NUsuarioFK` ON `TLogins` (`NUsuarioFK`);
2025-09-09 11:49:31.654 -05:00 [INF] Executed DbCommand (11ms) [Parameters=[], CommandType='"Text"', CommandTimeout='30']
CREATE UNIQUE INDEX `IX_TPaciente_NPersonaFK` ON `TPaciente` (`NPersonaFK`);
2025-09-09 11:49:31.666 -05:00 [INF] Executed DbCommand (9ms) [Parameters=[], CommandType='"Text"', CommandTimeout='30']
CREATE UNIQUE INDEX `CNroIdentificacion` ON `TPersona` (`CNroIdentificacion`);
2025-09-09 11:49:31.678 -05:00 [INF] Executed DbCommand (10ms) [Parameters=[], CommandType='"Text"', CommandTimeout='30']
CREATE INDEX `IX_TPersona_NTipoIdentificacionFK` ON `TPersona` (`NTipoIdentificacionFK`);
2025-09-09 11:49:31.691 -05:00 [INF] Executed DbCommand (10ms) [Parameters=[], CommandType='"Text"', CommandTimeout='30']
CREATE UNIQUE INDEX `IX_TPersona_NUsuarioFK` ON `TPersona` (`NUsuarioFK`);
2025-09-09 11:49:31.708 -05:00 [INF] Executed DbCommand (15ms) [Parameters=[], CommandType='"Text"', CommandTimeout='30']
CREATE UNIQUE INDEX `CRegistroProfesional` ON `TProfesional` (`CRegistroProfesional`);
2025-09-09 11:49:31.720 -05:00 [INF] Executed DbCommand (10ms) [Parameters=[], CommandType='"Text"', CommandTimeout='30']
CREATE UNIQUE INDEX `IX_TProfesional_NPersonaFK` ON `TProfesional` (`NPersonaFK`);
2025-09-09 11:49:31.731 -05:00 [INF] Executed DbCommand (9ms) [Parameters=[], CommandType='"Text"', CommandTimeout='30']
CREATE UNIQUE INDEX `CNombre7` ON `TRol` (`CNombre`);
2025-09-09 11:49:31.743 -05:00 [INF] Executed DbCommand (10ms) [Parameters=[], CommandType='"Text"', CommandTimeout='30']
CREATE UNIQUE INDEX `CNombre8` ON `TTipoIdentificacion` (`CNombre`);
2025-09-09 11:49:31.755 -05:00 [INF] Executed DbCommand (9ms) [Parameters=[], CommandType='"Text"', CommandTimeout='30']
CREATE UNIQUE INDEX `CEmail` ON `TUsuario` (`CEmail`);
2025-09-09 11:49:31.774 -05:00 [INF] Executed DbCommand (17ms) [Parameters=[], CommandType='"Text"', CommandTimeout='30']
CREATE UNIQUE INDEX `IX_TUsuario_NEstadoUsuarioFK` ON `TUsuario` (`NEstadoUsuarioFK`);
2025-09-09 11:49:31.787 -05:00 [INF] Executed DbCommand (11ms) [Parameters=[], CommandType='"Text"', CommandTimeout='30']
CREATE UNIQUE INDEX `IX_TUsuario_NEstadoVerificacionFK` ON `TUsuario` (`NEstadoVerificacionFK`);
2025-09-09 11:49:31.800 -05:00 [INF] Executed DbCommand (10ms) [Parameters=[], CommandType='"Text"', CommandTimeout='30']
CREATE UNIQUE INDEX `IX_TUsuario_NRolFK` ON `TUsuario` (`NRolFK`);
2025-09-09 11:49:31.903 -05:00 [INF] User profile is available. Using 'C:\Users\ronal\AppData\Local\ASP.NET\DataProtection-Keys' as key repository and Windows DPAPI to encrypt keys at rest.
2025-09-09 11:49:31.977 -05:00 [INF] Now listening on: http://[::]:5000
2025-09-09 11:49:31.982 -05:00 [INF] Application started. Press Ctrl+C to shut down.
2025-09-09 11:49:31.984 -05:00 [INF] Hosting environment: Production
2025-09-09 11:49:31.985 -05:00 [INF] Content root path: C:\Users\ronal\Desktop\Archivos\Api_Mediconnet_Onion\api
