2025-09-08 11:34:36.605 -05:00 [INF] Executed DbCommand (116ms) [Parameters=[], CommandType='"Text"', CommandTimeout='30']
SELECT CASE WHEN COUNT(*) = 0 THEN FALSE ELSE TRUE END
FROM information_schema.tables
WHERE table_type = 'BASE TABLE' AND table_schema = 'Api_Mediconnet_Onion'
2025-09-08 11:34:36.777 -05:00 [INF] User profile is available. Using 'C:\Users\ronal\AppData\Local\ASP.NET\DataProtection-Keys' as key repository and Windows DPAPI to encrypt keys at rest.
2025-09-08 11:34:36.879 -05:00 [INF] Now listening on: http://[::]:5000
2025-09-08 11:34:36.884 -05:00 [INF] Application started. Press Ctrl+C to shut down.
2025-09-08 11:34:36.886 -05:00 [INF] Hosting environment: Production
2025-09-08 11:34:36.888 -05:00 [INF] Content root path: C:\Users\ronal\Desktop\Archivos\Api_Mediconnet_Onion\api
2025-09-08 11:37:49.882 -05:00 [INF] Executed DbCommand (95ms) [Parameters=[], CommandType='"Text"', CommandTimeout='30']
SELECT CASE WHEN COUNT(*) = 0 THEN FALSE ELSE TRUE END
FROM information_schema.tables
WHERE table_type = 'BASE TABLE' AND table_schema = 'Api_Mediconnet_Onion'
2025-09-08 11:37:50.025 -05:00 [INF] User profile is available. Using 'C:\Users\ronal\AppData\Local\ASP.NET\DataProtection-Keys' as key repository and Windows DPAPI to encrypt keys at rest.
2025-09-08 11:37:50.095 -05:00 [INF] Now listening on: http://[::]:5000
2025-09-08 11:37:50.100 -05:00 [INF] Application started. Press Ctrl+C to shut down.
2025-09-08 11:37:50.101 -05:00 [INF] Hosting environment: Production
2025-09-08 11:37:50.102 -05:00 [INF] Content root path: C:\Users\ronal\Desktop\Archivos\Api_Mediconnet_Onion\api
2025-09-08 11:40:51.753 -05:00 [INF] Executed DbCommand (105ms) [Parameters=[], CommandType='"Text"', CommandTimeout='30']
SELECT CASE WHEN COUNT(*) = 0 THEN FALSE ELSE TRUE END
FROM information_schema.tables
WHERE table_type = 'BASE TABLE' AND table_schema = 'Api_Mediconnet_Onion'
2025-09-08 11:40:51.895 -05:00 [INF] User profile is available. Using 'C:\Users\ronal\AppData\Local\ASP.NET\DataProtection-Keys' as key repository and Windows DPAPI to encrypt keys at rest.
2025-09-08 11:40:51.965 -05:00 [INF] Now listening on: http://[::]:5000
2025-09-08 11:40:51.970 -05:00 [INF] Application started. Press Ctrl+C to shut down.
2025-09-08 11:40:51.973 -05:00 [INF] Hosting environment: Production
2025-09-08 11:40:51.974 -05:00 [INF] Content root path: C:\Users\ronal\Desktop\Archivos\Api_Mediconnet_Onion\api
2025-09-08 11:42:27.323 -05:00 [INF] Executed DbCommand (94ms) [Parameters=[], CommandType='"Text"', CommandTimeout='30']
SELECT CASE WHEN COUNT(*) = 0 THEN FALSE ELSE TRUE END
FROM information_schema.tables
WHERE table_type = 'BASE TABLE' AND table_schema = 'Api_Mediconnet_Onion'
2025-09-08 11:42:27.469 -05:00 [INF] User profile is available. Using 'C:\Users\ronal\AppData\Local\ASP.NET\DataProtection-Keys' as key repository and Windows DPAPI to encrypt keys at rest.
2025-09-08 11:42:27.541 -05:00 [INF] Now listening on: http://[::]:5000
2025-09-08 11:42:27.545 -05:00 [INF] Application started. Press Ctrl+C to shut down.
2025-09-08 11:42:27.547 -05:00 [INF] Hosting environment: Production
2025-09-08 11:42:27.548 -05:00 [INF] Content root path: C:\Users\ronal\Desktop\Archivos\Api_Mediconnet_Onion\api
2025-09-08 11:43:37.866 -05:00 [INF] Executed DbCommand (96ms) [Parameters=[], CommandType='"Text"', CommandTimeout='30']
SELECT CASE WHEN COUNT(*) = 0 THEN FALSE ELSE TRUE END
FROM information_schema.tables
WHERE table_type = 'BASE TABLE' AND table_schema = 'Api_Mediconnet_Onion'
2025-09-08 11:43:38.039 -05:00 [INF] User profile is available. Using 'C:\Users\ronal\AppData\Local\ASP.NET\DataProtection-Keys' as key repository and Windows DPAPI to encrypt keys at rest.
2025-09-08 11:43:38.108 -05:00 [INF] Now listening on: http://[::]:5000
2025-09-08 11:43:38.113 -05:00 [INF] Application started. Press Ctrl+C to shut down.
2025-09-08 11:43:38.114 -05:00 [INF] Hosting environment: Production
2025-09-08 11:43:38.115 -05:00 [INF] Content root path: C:\Users\ronal\Desktop\Archivos\Api_Mediconnet_Onion\api
2025-09-08 11:45:34.965 -05:00 [INF] Executed DbCommand (98ms) [Parameters=[], CommandType='"Text"', CommandTimeout='30']
SELECT CASE WHEN COUNT(*) = 0 THEN FALSE ELSE TRUE END
FROM information_schema.tables
WHERE table_type = 'BASE TABLE' AND table_schema = 'Api_Mediconnet_Onion'
2025-09-08 11:45:35.110 -05:00 [INF] User profile is available. Using 'C:\Users\ronal\AppData\Local\ASP.NET\DataProtection-Keys' as key repository and Windows DPAPI to encrypt keys at rest.
2025-09-08 11:45:35.181 -05:00 [INF] Now listening on: http://[::]:5000
2025-09-08 11:45:35.186 -05:00 [INF] Application started. Press Ctrl+C to shut down.
2025-09-08 11:45:35.187 -05:00 [INF] Hosting environment: Production
2025-09-08 11:45:35.188 -05:00 [INF] Content root path: C:\Users\ronal\Desktop\Archivos\Api_Mediconnet_Onion\api
2025-09-08 11:59:38.327 -05:00 [INF] Executed DbCommand (95ms) [Parameters=[], CommandType='"Text"', CommandTimeout='30']
SELECT CASE WHEN COUNT(*) = 0 THEN FALSE ELSE TRUE END
FROM information_schema.tables
WHERE table_type = 'BASE TABLE' AND table_schema = 'Api_Mediconnet_Onion'
2025-09-08 11:59:38.496 -05:00 [INF] User profile is available. Using 'C:\Users\ronal\AppData\Local\ASP.NET\DataProtection-Keys' as key repository and Windows DPAPI to encrypt keys at rest.
2025-09-08 11:59:38.568 -05:00 [INF] Now listening on: http://[::]:5000
2025-09-08 11:59:38.573 -05:00 [INF] Application started. Press Ctrl+C to shut down.
2025-09-08 11:59:38.574 -05:00 [INF] Hosting environment: Production
2025-09-08 11:59:38.575 -05:00 [INF] Content root path: C:\Users\ronal\Desktop\Archivos\Api_Mediconnet_Onion\api
