2025-09-17 10:54:14.701 -05:00 [INF] Executed DbCommand (112ms) [Parameters=[], CommandType='"Text"', CommandTimeout='30']
CREATE DATABASE `Api_Mediconnet_Onion`;
2025-09-17 10:54:17.033 -05:00 [INF] Executed DbCommand (116ms) [Parameters=[], CommandType='"Text"', CommandTimeout='30']
ALTER DATABASE CHARACTER SET utf8mb4;
2025-09-17 10:54:17.201 -05:00 [INF] Executed DbCommand (163ms) [Parameters=[], CommandType='"Text"', CommandTimeout='30']
CREATE TABLE `TArea` (
    `NAreaID` int(12) NOT NULL AUTO_INCREMENT,
    `CNombre` varchar(30) CHARACTER SET utf8mb4 NOT NULL,
    `CDescripcion` varchar(1000) CHARACTER SET utf8mb4 NOT NULL,
    CONSTRAINT `PRIMARY` PRIMARY KEY (`NAreaID`)
) CHARACTER SET=utf8mb4;
2025-09-17 10:54:17.326 -05:00 [INF] Executed DbCommand (121ms) [Parameters=[], CommandType='"Text"', CommandTimeout='30']
CREATE TABLE `TDiaSemana` (
    `NDiaSemanaID` int(12) NOT NULL AUTO_INCREMENT,
    `CNombre` varchar(30) CHARACTER SET utf8mb4 NOT NULL,
    CONSTRAINT `PRIMARY` PRIMARY KEY (`NDiaSemanaID`)
) CHARACTER SET=utf8mb4;
2025-09-17 10:54:17.455 -05:00 [INF] Executed DbCommand (124ms) [Parameters=[], CommandType='"Text"', CommandTimeout='30']
CREATE TABLE `TEspecialidad` (
    `NEspecialidadID` int(12) NOT NULL AUTO_INCREMENT,
    `CNombre` varchar(30) CHARACTER SET utf8mb4 NOT NULL,
    `CDescripcion` varchar(100) CHARACTER SET utf8mb4 NOT NULL,
    CONSTRAINT `PRIMARY` PRIMARY KEY (`NEspecialidadID`)
) CHARACTER SET=utf8mb4;
2025-09-17 10:54:17.574 -05:00 [INF] Executed DbCommand (117ms) [Parameters=[], CommandType='"Text"', CommandTimeout='30']
CREATE TABLE `TEstadoCita` (
    `NEstadoCitaID` int(6) NOT NULL AUTO_INCREMENT,
    `CNombre` varchar(30) CHARACTER SET utf8mb4 NOT NULL,
    CONSTRAINT `PRIMARY` PRIMARY KEY (`NEstadoCitaID`)
) CHARACTER SET=utf8mb4;
2025-09-17 10:54:17.693 -05:00 [INF] Executed DbCommand (116ms) [Parameters=[], CommandType='"Text"', CommandTimeout='30']
CREATE TABLE `TEstadoUsuario` (
    `NEstadoUsuarioID` int(12) NOT NULL AUTO_INCREMENT,
    `CNombre` varchar(20) CHARACTER SET utf8mb4 NOT NULL,
    CONSTRAINT `PRIMARY` PRIMARY KEY (`NEstadoUsuarioID`)
) CHARACTER SET=utf8mb4;
2025-09-17 10:54:17.813 -05:00 [INF] Executed DbCommand (118ms) [Parameters=[], CommandType='"Text"', CommandTimeout='30']
CREATE TABLE `TEstadoVerificacion` (
    `NEstadoVerificacion` int(12) NOT NULL AUTO_INCREMENT,
    `CNombre` varchar(30) CHARACTER SET utf8mb4 NOT NULL,
    CONSTRAINT `PRIMARY` PRIMARY KEY (`NEstadoVerificacion`)
) CHARACTER SET=utf8mb4;
2025-09-17 10:54:17.944 -05:00 [INF] Executed DbCommand (126ms) [Parameters=[], CommandType='"Text"', CommandTimeout='30']
CREATE TABLE `TGrupoSanguineo` (
    `NGrupoSanguineoID` int(12) NOT NULL AUTO_INCREMENT,
    `CNombre` varchar(10) CHARACTER SET utf8mb4 NOT NULL,
    CONSTRAINT `PRIMARY` PRIMARY KEY (`NGrupoSanguineoID`)
) CHARACTER SET=utf8mb4;
2025-09-17 10:54:18.070 -05:00 [INF] Executed DbCommand (123ms) [Parameters=[], CommandType='"Text"', CommandTimeout='30']
CREATE TABLE `TRol` (
    `NRolID` int(32) NOT NULL AUTO_INCREMENT,
    `CNombre` varchar(20) CHARACTER SET utf8mb4 NOT NULL,
    CONSTRAINT `PRIMARY` PRIMARY KEY (`NRolID`)
) CHARACTER SET=utf8mb4;
2025-09-17 10:54:18.189 -05:00 [INF] Executed DbCommand (116ms) [Parameters=[], CommandType='"Text"', CommandTimeout='30']
CREATE TABLE `TTipoIdentificacion` (
    `NTipoIdentificacion` int(12) NOT NULL AUTO_INCREMENT,
    `CNombre` varchar(30) CHARACTER SET utf8mb4 NOT NULL,
    CONSTRAINT `PRIMARY` PRIMARY KEY (`NTipoIdentificacion`)
) CHARACTER SET=utf8mb4;
2025-09-17 10:54:18.323 -05:00 [INF] Executed DbCommand (131ms) [Parameters=[], CommandType='"Text"', CommandTimeout='30']
CREATE TABLE `TUsuario` (
    `nUsuarioID` int(32) NOT NULL AUTO_INCREMENT,
    `NEstadoVerificacionFK` int(12) NOT NULL,
    `NEstadoUsuarioFK` int(12) NOT NULL,
    `NRolFK` int(12) NOT NULL,
    `CNombre` varchar(50) CHARACTER SET utf8mb4 NOT NULL,
    `CApellido` varchar(100) CHARACTER SET utf8mb4 NOT NULL,
    `CEmail` varchar(255) CHARACTER SET utf8mb4 NOT NULL,
    `CPassword` varchar(255) CHARACTER SET utf8mb4 NOT NULL,
    `DFechaRegistro` DateTime NOT NULL,
    CONSTRAINT `PRIMARY` PRIMARY KEY (`nUsuarioID`),
    CONSTRAINT `FK_Usuario_EstadoUsuario` FOREIGN KEY (`NEstadoUsuarioFK`) REFERENCES `TEstadoUsuario` (`NEstadoUsuarioID`) ON DELETE RESTRICT,
    CONSTRAINT `FK_Usuario_EstadoVerificacion` FOREIGN KEY (`NEstadoVerificacionFK`) REFERENCES `TEstadoVerificacion` (`NEstadoVerificacion`) ON DELETE RESTRICT,
    CONSTRAINT `FK_Usuario_Rol` FOREIGN KEY (`NRolFK`) REFERENCES `TRol` (`NRolID`) ON DELETE RESTRICT
) CHARACTER SET=utf8mb4;
2025-09-17 10:54:18.447 -05:00 [INF] Executed DbCommand (120ms) [Parameters=[], CommandType='"Text"', CommandTimeout='30']
CREATE TABLE `TLogins` (
    `NLoginID` int(32) NOT NULL AUTO_INCREMENT,
    `DFechaLogin` DateTime NOT NULL,
    `NUsuarioFK` int(32) NOT NULL,
    CONSTRAINT `PRIMARY` PRIMARY KEY (`NLoginID`),
    CONSTRAINT `FK_Usuario_Logins` FOREIGN KEY (`NUsuarioFK`) REFERENCES `TUsuario` (`nUsuarioID`) ON DELETE RESTRICT
) CHARACTER SET=utf8mb4;
2025-09-17 10:54:18.582 -05:00 [INF] Executed DbCommand (132ms) [Parameters=[], CommandType='"Text"', CommandTimeout='30']
CREATE TABLE `TPersona` (
    `NPersonaID` int(32) NOT NULL AUTO_INCREMENT,
    `NUsuarioFK` int(32) NOT NULL,
    `NTipoIdentificacionFK` int(32) NOT NULL,
    `CNroIdentificacion` varchar(20) CHARACTER SET utf8mb4 NOT NULL,
    `CNroConctacto` varchar(30) CHARACTER SET utf8mb4 NOT NULL,
    `CDireccion` varchar(255) CHARACTER SET utf8mb4 NOT NULL,
    `DFechaNacimiento` DateTime NOT NULL,
    `ESexo` varchar(25) CHARACTER SET utf8mb4 NOT NULL,
    CONSTRAINT `PRIMARY` PRIMARY KEY (`NPersonaID`),
    CONSTRAINT `FK_Personas_TipoIdentificacion` FOREIGN KEY (`NTipoIdentificacionFK`) REFERENCES `TTipoIdentificacion` (`NTipoIdentificacion`) ON DELETE RESTRICT,
    CONSTRAINT `FK_TPersona_TUsuario_NUsuarioFK` FOREIGN KEY (`NUsuarioFK`) REFERENCES `TUsuario` (`nUsuarioID`)
) CHARACTER SET=utf8mb4;
2025-09-17 10:54:18.710 -05:00 [INF] Executed DbCommand (125ms) [Parameters=[], CommandType='"Text"', CommandTimeout='30']
CREATE TABLE `TPaciente` (
    `NPacienteID` int(32) NOT NULL AUTO_INCREMENT,
    `NPersonaFK` int(32) NOT NULL,
    `NGrupoSanguineoFK` int(6) NOT NULL,
    `CAlergiasGenerales` varchar(2000) CHARACTER SET utf8mb4 NOT NULL,
    CONSTRAINT `PRIMARY` PRIMARY KEY (`NPacienteID`),
    CONSTRAINT `FK_Paciente_GrupoSanguineo` FOREIGN KEY (`NGrupoSanguineoFK`) REFERENCES `TGrupoSanguineo` (`NGrupoSanguineoID`) ON DELETE RESTRICT,
    CONSTRAINT `FK_TPaciente_TPersona_NPersonaFK` FOREIGN KEY (`NPersonaFK`) REFERENCES `TPersona` (`NPersonaID`)
) CHARACTER SET=utf8mb4;
2025-09-17 10:54:18.836 -05:00 [INF] Executed DbCommand (123ms) [Parameters=[], CommandType='"Text"', CommandTimeout='30']
CREATE TABLE `TProfesional` (
    `NProfesionalID` int(32) NOT NULL AUTO_INCREMENT,
    `NPersonaFK` int(32) NOT NULL,
    `NEspecialidadFK` int(12) NOT NULL,
    `NAreaFK` int(12) NOT NULL,
    `CRegistroProfesional` varchar(50) CHARACTER SET utf8mb4 NOT NULL,
    `DFechaContratacion` DateTime NOT NULL,
    `ETipoProfesional` varchar(25) CHARACTER SET utf8mb4 NOT NULL,
    `CBiografia` varchar(2000) CHARACTER SET utf8mb4 NOT NULL,
    CONSTRAINT `PRIMARY` PRIMARY KEY (`NProfesionalID`),
    CONSTRAINT `FK_Profesional_Area` FOREIGN KEY (`NAreaFK`) REFERENCES `TArea` (`NAreaID`) ON DELETE RESTRICT,
    CONSTRAINT `FK_Profesional_Especialidad` FOREIGN KEY (`NEspecialidadFK`) REFERENCES `TEspecialidad` (`NEspecialidadID`) ON DELETE RESTRICT,
    CONSTRAINT `FK_TProfesional_TPersona_NPersonaFK` FOREIGN KEY (`NPersonaFK`) REFERENCES `TPersona` (`NPersonaID`)
) CHARACTER SET=utf8mb4;
2025-09-17 10:54:18.971 -05:00 [INF] Executed DbCommand (130ms) [Parameters=[], CommandType='"Text"', CommandTimeout='30']
CREATE TABLE `TCita` (
    `NCitaID` int(12) NOT NULL AUTO_INCREMENT,
    `NEstadoCitaFK` int(12) NOT NULL,
    `NProfesionalFK` int(12) NOT NULL,
    `NPacienteFK` int(12) NOT NULL,
    `NDiaSemanaFK` int(12) NOT NULL,
    `DFecha` datetime NOT NULL,
    `DHora` time NOT NULL,
    `DDuracion` time NOT NULL,
    `CObservacion` varchar(500) CHARACTER SET utf8mb4 NOT NULL,
    `DFechaRegistro` datetime NOT NULL,
    `ProfesionalNProfesionalID` int(32) NOT NULL,
    `PacienteNPacienteID` int(32) NOT NULL,
    `EstadoNEstadoCitaID` int(6) NOT NULL,
    CONSTRAINT `PRIMARY` PRIMARY KEY (`NCitaID`),
    CONSTRAINT `FK_Cita_DiaSemana` FOREIGN KEY (`NDiaSemanaFK`) REFERENCES `TDiaSemana` (`NDiaSemanaID`) ON DELETE RESTRICT,
    CONSTRAINT `FK_TCita_TEstadoCita_EstadoNEstadoCitaID` FOREIGN KEY (`EstadoNEstadoCitaID`) REFERENCES `TEstadoCita` (`NEstadoCitaID`) ON DELETE CASCADE,
    CONSTRAINT `FK_TCita_TPaciente_PacienteNPacienteID` FOREIGN KEY (`PacienteNPacienteID`) REFERENCES `TPaciente` (`NPacienteID`) ON DELETE CASCADE,
    CONSTRAINT `FK_TCita_TProfesional_ProfesionalNProfesionalID` FOREIGN KEY (`ProfesionalNProfesionalID`) REFERENCES `TProfesional` (`NProfesionalID`) ON DELETE CASCADE
) CHARACTER SET=utf8mb4;
2025-09-17 10:54:19.107 -05:00 [INF] Executed DbCommand (130ms) [Parameters=[], CommandType='"Text"', CommandTimeout='30']
INSERT INTO `TDiaSemana` (`NDiaSemanaID`, `CNombre`)
VALUES (1, 'Lunes'),
(2, 'Martes'),
(3, 'Miércoles'),
(4, 'Jueves'),
(5, 'Viernes'),
(6, 'Sábado'),
(7, 'Domingo');
2025-09-17 10:54:19.225 -05:00 [INF] Executed DbCommand (113ms) [Parameters=[], CommandType='"Text"', CommandTimeout='30']
INSERT INTO `TEstadoUsuario` (`NEstadoUsuarioID`, `CNombre`)
VALUES (1, 'Activo'),
(2, 'Inactivo');
2025-09-17 10:54:19.347 -05:00 [INF] Executed DbCommand (117ms) [Parameters=[], CommandType='"Text"', CommandTimeout='30']
INSERT INTO `TEstadoVerificacion` (`NEstadoVerificacion`, `CNombre`)
VALUES (1, 'Verificado'),
(2, 'No Verificado');
2025-09-17 10:54:19.467 -05:00 [INF] Executed DbCommand (117ms) [Parameters=[], CommandType='"Text"', CommandTimeout='30']
INSERT INTO `TGrupoSanguineo` (`NGrupoSanguineoID`, `CNombre`)
VALUES (1, 'A+'),
(2, 'A-'),
(3, 'B+'),
(4, 'B-'),
(5, 'AB+'),
(6, 'AB-'),
(7, 'O+'),
(8, 'O-');
2025-09-17 10:54:19.584 -05:00 [INF] Executed DbCommand (112ms) [Parameters=[], CommandType='"Text"', CommandTimeout='30']
INSERT INTO `TRol` (`NRolID`, `CNombre`)
VALUES (1, 'Administrador'),
(2, 'Paciente'),
(3, 'Medico');
2025-09-17 10:54:19.700 -05:00 [INF] Executed DbCommand (113ms) [Parameters=[], CommandType='"Text"', CommandTimeout='30']
INSERT INTO `TTipoIdentificacion` (`NTipoIdentificacion`, `CNombre`)
VALUES (1, 'Cédula de ciudadanía'),
(2, 'Tarjeta de identidad'),
(3, 'Registro civil de nacimiento'),
(4, 'Cédula de extranjería'),
(5, 'Pasaporte');
2025-09-17 10:54:19.838 -05:00 [INF] Executed DbCommand (135ms) [Parameters=[], CommandType='"Text"', CommandTimeout='30']
CREATE UNIQUE INDEX `CNombre` ON `TArea` (`CNombre`);
2025-09-17 10:54:19.989 -05:00 [INF] Executed DbCommand (147ms) [Parameters=[], CommandType='"Text"', CommandTimeout='30']
CREATE INDEX `IX_TCita_EstadoNEstadoCitaID` ON `TCita` (`EstadoNEstadoCitaID`);
2025-09-17 10:54:20.127 -05:00 [INF] Executed DbCommand (135ms) [Parameters=[], CommandType='"Text"', CommandTimeout='30']
CREATE INDEX `IX_TCita_NDiaSemanaFK` ON `TCita` (`NDiaSemanaFK`);
2025-09-17 10:54:20.252 -05:00 [INF] Executed DbCommand (120ms) [Parameters=[], CommandType='"Text"', CommandTimeout='30']
CREATE INDEX `IX_TCita_PacienteNPacienteID` ON `TCita` (`PacienteNPacienteID`);
2025-09-17 10:54:20.378 -05:00 [INF] Executed DbCommand (123ms) [Parameters=[], CommandType='"Text"', CommandTimeout='30']
CREATE INDEX `IX_TCita_ProfesionalNProfesionalID` ON `TCita` (`ProfesionalNProfesionalID`);
2025-09-17 10:54:20.508 -05:00 [INF] Executed DbCommand (127ms) [Parameters=[], CommandType='"Text"', CommandTimeout='30']
CREATE UNIQUE INDEX `CNombre1` ON `TDiaSemana` (`CNombre`);
2025-09-17 10:54:20.633 -05:00 [INF] Executed DbCommand (123ms) [Parameters=[], CommandType='"Text"', CommandTimeout='30']
CREATE UNIQUE INDEX `CNombre2` ON `TEspecialidad` (`CNombre`);
2025-09-17 10:54:20.759 -05:00 [INF] Executed DbCommand (123ms) [Parameters=[], CommandType='"Text"', CommandTimeout='30']
CREATE UNIQUE INDEX `CNombre3` ON `TEstadoCita` (`CNombre`);
2025-09-17 10:54:20.890 -05:00 [INF] Executed DbCommand (128ms) [Parameters=[], CommandType='"Text"', CommandTimeout='30']
CREATE UNIQUE INDEX `CNombre4` ON `TEstadoUsuario` (`CNombre`);
2025-09-17 10:54:21.027 -05:00 [INF] Executed DbCommand (135ms) [Parameters=[], CommandType='"Text"', CommandTimeout='30']
CREATE UNIQUE INDEX `CNombre5` ON `TEstadoVerificacion` (`CNombre`);
2025-09-17 10:54:21.157 -05:00 [INF] Executed DbCommand (126ms) [Parameters=[], CommandType='"Text"', CommandTimeout='30']
CREATE UNIQUE INDEX `CNombre6` ON `TGrupoSanguineo` (`CNombre`);
2025-09-17 10:54:21.280 -05:00 [INF] Executed DbCommand (119ms) [Parameters=[], CommandType='"Text"', CommandTimeout='30']
CREATE INDEX `IX_TLogins_NUsuarioFK` ON `TLogins` (`NUsuarioFK`);
2025-09-17 10:54:21.408 -05:00 [INF] Executed DbCommand (125ms) [Parameters=[], CommandType='"Text"', CommandTimeout='30']
CREATE INDEX `IX_TPaciente_NGrupoSanguineoFK` ON `TPaciente` (`NGrupoSanguineoFK`);
2025-09-17 10:54:21.533 -05:00 [INF] Executed DbCommand (123ms) [Parameters=[], CommandType='"Text"', CommandTimeout='30']
CREATE UNIQUE INDEX `IX_TPaciente_NPersonaFK` ON `TPaciente` (`NPersonaFK`);
2025-09-17 10:54:21.661 -05:00 [INF] Executed DbCommand (125ms) [Parameters=[], CommandType='"Text"', CommandTimeout='30']
CREATE UNIQUE INDEX `CNroIdentificacion` ON `TPersona` (`CNroIdentificacion`);
2025-09-17 10:54:21.792 -05:00 [INF] Executed DbCommand (129ms) [Parameters=[], CommandType='"Text"', CommandTimeout='30']
CREATE INDEX `IX_TPersona_NTipoIdentificacionFK` ON `TPersona` (`NTipoIdentificacionFK`);
2025-09-17 10:54:21.927 -05:00 [INF] Executed DbCommand (132ms) [Parameters=[], CommandType='"Text"', CommandTimeout='30']
CREATE UNIQUE INDEX `IX_TPersona_NUsuarioFK` ON `TPersona` (`NUsuarioFK`);
2025-09-17 10:54:22.061 -05:00 [INF] Executed DbCommand (129ms) [Parameters=[], CommandType='"Text"', CommandTimeout='30']
CREATE UNIQUE INDEX `CRegistroProfesional` ON `TProfesional` (`CRegistroProfesional`);
2025-09-17 10:54:22.184 -05:00 [INF] Executed DbCommand (121ms) [Parameters=[], CommandType='"Text"', CommandTimeout='30']
CREATE INDEX `IX_TProfesional_NAreaFK` ON `TProfesional` (`NAreaFK`);
2025-09-17 10:54:22.313 -05:00 [INF] Executed DbCommand (125ms) [Parameters=[], CommandType='"Text"', CommandTimeout='30']
CREATE INDEX `IX_TProfesional_NEspecialidadFK` ON `TProfesional` (`NEspecialidadFK`);
2025-09-17 10:54:22.440 -05:00 [INF] Executed DbCommand (123ms) [Parameters=[], CommandType='"Text"', CommandTimeout='30']
CREATE UNIQUE INDEX `IX_TProfesional_NPersonaFK` ON `TProfesional` (`NPersonaFK`);
2025-09-17 10:54:22.569 -05:00 [INF] Executed DbCommand (127ms) [Parameters=[], CommandType='"Text"', CommandTimeout='30']
CREATE UNIQUE INDEX `CNombre7` ON `TRol` (`CNombre`);
2025-09-17 10:54:22.705 -05:00 [INF] Executed DbCommand (134ms) [Parameters=[], CommandType='"Text"', CommandTimeout='30']
CREATE UNIQUE INDEX `CNombre8` ON `TTipoIdentificacion` (`CNombre`);
2025-09-17 10:54:22.847 -05:00 [INF] Executed DbCommand (139ms) [Parameters=[], CommandType='"Text"', CommandTimeout='30']
CREATE UNIQUE INDEX `CEmail` ON `TUsuario` (`CEmail`);
2025-09-17 10:54:22.983 -05:00 [INF] Executed DbCommand (133ms) [Parameters=[], CommandType='"Text"', CommandTimeout='30']
CREATE INDEX `IX_TUsuario_NEstadoUsuarioFK` ON `TUsuario` (`NEstadoUsuarioFK`);
2025-09-17 10:54:23.113 -05:00 [INF] Executed DbCommand (127ms) [Parameters=[], CommandType='"Text"', CommandTimeout='30']
CREATE INDEX `IX_TUsuario_NEstadoVerificacionFK` ON `TUsuario` (`NEstadoVerificacionFK`);
2025-09-17 10:54:23.243 -05:00 [INF] Executed DbCommand (126ms) [Parameters=[], CommandType='"Text"', CommandTimeout='30']
CREATE INDEX `IX_TUsuario_NRolFK` ON `TUsuario` (`NRolFK`);
2025-09-17 10:54:23.467 -05:00 [INF] User profile is available. Using 'C:\Users\ronal\AppData\Local\ASP.NET\DataProtection-Keys' as key repository and Windows DPAPI to encrypt keys at rest.
2025-09-17 10:54:23.554 -05:00 [INF] Now listening on: http://[::]:5000
2025-09-17 10:54:23.557 -05:00 [INF] Application started. Press Ctrl+C to shut down.
2025-09-17 10:54:23.558 -05:00 [INF] Hosting environment: Production
2025-09-17 10:54:23.559 -05:00 [INF] Content root path: C:\Users\ronal\Desktop\Archivos\Api_Mediconnet_Onion\api
2025-09-17 11:11:01.345 -05:00 [INF] Executed DbCommand (123ms) [Parameters=[], CommandType='"Text"', CommandTimeout='30']
SELECT CASE WHEN COUNT(*) = 0 THEN FALSE ELSE TRUE END
FROM information_schema.tables
WHERE table_type = 'BASE TABLE' AND table_schema = 'Api_Mediconnet_Onion'
2025-09-17 11:11:01.477 -05:00 [INF] User profile is available. Using 'C:\Users\ronal\AppData\Local\ASP.NET\DataProtection-Keys' as key repository and Windows DPAPI to encrypt keys at rest.
2025-09-17 11:11:01.543 -05:00 [INF] Now listening on: http://[::]:5000
2025-09-17 11:11:01.546 -05:00 [INF] Application started. Press Ctrl+C to shut down.
2025-09-17 11:11:01.547 -05:00 [INF] Hosting environment: Production
2025-09-17 11:11:01.548 -05:00 [INF] Content root path: C:\Users\ronal\Desktop\Archivos\Api_Mediconnet_Onion\api
2025-09-17 11:12:21.430 -05:00 [INF] Request starting HTTP/1.1 OPTIONS http://localhost:5000/Api/Usuario - null null
2025-09-17 11:12:21.467 -05:00 [WRN] Failed to determine the https port for redirect.
2025-09-17 11:12:21.472 -05:00 [INF] CORS policy execution successful.
2025-09-17 11:12:21.484 -05:00 [INF] Request finished HTTP/1.1 OPTIONS http://localhost:5000/Api/Usuario - 204 null null 54.7087ms
2025-09-17 11:12:21.496 -05:00 [INF] Request starting HTTP/1.1 POST http://localhost:5000/Api/Usuario - application/json 98
2025-09-17 11:12:21.504 -05:00 [INF] CORS policy execution successful.
2025-09-17 11:12:21.546 -05:00 [INF] Executing endpoint 'Api_Mediconnet.Api.Controllers.UsuarioController.PostUsuario (Api_Mediconnet.Api)'
2025-09-17 11:12:21.577 -05:00 [INF] Route matched with {action = "PostUsuario", controller = "Usuario"}. Executing controller action with signature System.Threading.Tasks.Task`1[Microsoft.AspNetCore.Mvc.IActionResult] PostUsuario(Api_Mediconnet.Application.DTOs.TUsuarioCreateDTO) on controller Api_Mediconnet.Api.Controllers.UsuarioController (Api_Mediconnet.Api).
2025-09-17 11:12:22.634 -05:00 [INF] Executed DbCommand (273ms) [Parameters=[@p0='?' (Size = 100), @p1='?' (Size = 255), @p2='?' (Size = 50), @p3='?' (Size = 255), @p4='?' (DbType = DateTime), @p5='?' (DbType = Int32), @p6='?' (DbType = Int32), @p7='?' (DbType = Int32)], CommandType='"Text"', CommandTimeout='30']
INSERT INTO `TUsuario` (`CApellido`, `CEmail`, `CNombre`, `CPassword`, `DFechaRegistro`, `NEstadoUsuarioFK`, `NEstadoVerificacionFK`, `NRolFK`)
VALUES (@p0, @p1, @p2, @p3, @p4, @p5, @p6, @p7);
SELECT `nUsuarioID`
FROM `TUsuario`
WHERE ROW_COUNT() = 1 AND `nUsuarioID` = LAST_INSERT_ID();
2025-09-17 11:12:22.795 -05:00 [INF] Usuario con ID 5 creado exitosamente.
2025-09-17 11:12:23.251 -05:00 [INF] Executed DbCommand (114ms) [Parameters=[@__id_0='?' (DbType = Int32)], CommandType='"Text"', CommandTimeout='30']
SELECT `t0`.`CNombre`
FROM `TUsuario` AS `t`
INNER JOIN `TRol` AS `t0` ON `t`.`NRolFK` = `t0`.`NRolID`
WHERE `t`.`nUsuarioID` = @__id_0
LIMIT 1
2025-09-17 11:12:23.292 -05:00 [INF] Executing OkObjectResult, writing value of type '<>f__AnonymousType1`1[[System.String, System.Private.CoreLib, Version=8.0.0.0, Culture=neutral, PublicKeyToken=7cec85d7bea7798e]]'.
2025-09-17 11:12:23.321 -05:00 [INF] Executed action Api_Mediconnet.Api.Controllers.UsuarioController.PostUsuario (Api_Mediconnet.Api) in 1738.448ms
2025-09-17 11:12:23.323 -05:00 [INF] Executed endpoint 'Api_Mediconnet.Api.Controllers.UsuarioController.PostUsuario (Api_Mediconnet.Api)'
2025-09-17 11:12:23.329 -05:00 [INF] Request finished HTTP/1.1 POST http://localhost:5000/Api/Usuario - 200 null application/json; charset=utf-8 1834.0273ms
2025-09-17 11:16:14.963 -05:00 [INF] Request starting HTTP/1.1 OPTIONS http://localhost:5000/Api/Usuario - null null
2025-09-17 11:16:14.966 -05:00 [INF] CORS policy execution successful.
2025-09-17 11:16:14.968 -05:00 [INF] Request finished HTTP/1.1 OPTIONS http://localhost:5000/Api/Usuario - 204 null null 5.1058ms
2025-09-17 11:16:14.970 -05:00 [INF] Request starting HTTP/1.1 POST http://localhost:5000/Api/Usuario - application/json 97
2025-09-17 11:16:14.973 -05:00 [INF] CORS policy execution successful.
2025-09-17 11:16:14.975 -05:00 [INF] Executing endpoint 'Api_Mediconnet.Api.Controllers.UsuarioController.PostUsuario (Api_Mediconnet.Api)'
2025-09-17 11:16:14.976 -05:00 [INF] Route matched with {action = "PostUsuario", controller = "Usuario"}. Executing controller action with signature System.Threading.Tasks.Task`1[Microsoft.AspNetCore.Mvc.IActionResult] PostUsuario(Api_Mediconnet.Application.DTOs.TUsuarioCreateDTO) on controller Api_Mediconnet.Api.Controllers.UsuarioController (Api_Mediconnet.Api).
2025-09-17 11:16:17.125 -05:00 [ERR] Failed executing DbCommand (113ms) [Parameters=[@p0='?' (Size = 100), @p1='?' (Size = 255), @p2='?' (Size = 50), @p3='?' (Size = 255), @p4='?' (DbType = DateTime), @p5='?' (DbType = Int32), @p6='?' (DbType = Int32), @p7='?' (DbType = Int32)], CommandType='"Text"', CommandTimeout='30']
INSERT INTO `TUsuario` (`CApellido`, `CEmail`, `CNombre`, `CPassword`, `DFechaRegistro`, `NEstadoUsuarioFK`, `NEstadoVerificacionFK`, `NRolFK`)
VALUES (@p0, @p1, @p2, @p3, @p4, @p5, @p6, @p7);
SELECT `nUsuarioID`
FROM `TUsuario`
WHERE ROW_COUNT() = 1 AND `nUsuarioID` = LAST_INSERT_ID();
2025-09-17 11:16:17.273 -05:00 [ERR] An exception occurred in the database while saving changes for context type 'Api_Mediconnet.Infrastructure.Data.AppDbContext'.
Microsoft.EntityFrameworkCore.DbUpdateException: An error occurred while saving the entity changes. See the inner exception for details.
 ---> MySqlConnector.MySqlException (0x80004005): Duplicate entry 'ronaldstevenrios@gmail.com' for key 'TUsuario.CEmail'
   at MySqlConnector.Core.ServerSession.ReceiveReplyAsync(IOBehavior ioBehavior, CancellationToken cancellationToken) in /_/src/MySqlConnector/Core/ServerSession.cs:line 894
   at MySqlConnector.Core.ResultSet.ReadResultSetHeaderAsync(IOBehavior ioBehavior) in /_/src/MySqlConnector/Core/ResultSet.cs:line 37
   at MySqlConnector.MySqlDataReader.ActivateResultSet(CancellationToken cancellationToken) in /_/src/MySqlConnector/MySqlDataReader.cs:line 130
   at MySqlConnector.MySqlDataReader.InitAsync(CommandListPosition commandListPosition, ICommandPayloadCreator payloadCreator, IDictionary`2 cachedProcedures, IMySqlCommand command, CommandBehavior behavior, Activity activity, IOBehavior ioBehavior, CancellationToken cancellationToken) in /_/src/MySqlConnector/MySqlDataReader.cs:line 483
   at MySqlConnector.Core.CommandExecutor.ExecuteReaderAsync(CommandListPosition commandListPosition, ICommandPayloadCreator payloadCreator, CommandBehavior behavior, Activity activity, IOBehavior ioBehavior, CancellationToken cancellationToken) in /_/src/MySqlConnector/Core/CommandExecutor.cs:line 56
   at MySqlConnector.MySqlCommand.ExecuteReaderAsync(CommandBehavior behavior, IOBehavior ioBehavior, CancellationToken cancellationToken) in /_/src/MySqlConnector/MySqlCommand.cs:line 357
   at MySqlConnector.MySqlCommand.ExecuteDbDataReaderAsync(CommandBehavior behavior, CancellationToken cancellationToken) in /_/src/MySqlConnector/MySqlCommand.cs:line 350
   at Microsoft.EntityFrameworkCore.Storage.RelationalCommand.ExecuteReaderAsync(RelationalCommandParameterObject parameterObject, CancellationToken cancellationToken)
   at Microsoft.EntityFrameworkCore.Storage.RelationalCommand.ExecuteReaderAsync(RelationalCommandParameterObject parameterObject, CancellationToken cancellationToken)
   at Microsoft.EntityFrameworkCore.Update.ReaderModificationCommandBatch.ExecuteAsync(IRelationalConnection connection, CancellationToken cancellationToken)
   --- End of inner exception stack trace ---
   at Microsoft.EntityFrameworkCore.Update.ReaderModificationCommandBatch.ExecuteAsync(IRelationalConnection connection, CancellationToken cancellationToken)
   at Microsoft.EntityFrameworkCore.Update.Internal.BatchExecutor.ExecuteAsync(IEnumerable`1 commandBatches, IRelationalConnection connection, CancellationToken cancellationToken)
   at Microsoft.EntityFrameworkCore.Update.Internal.BatchExecutor.ExecuteAsync(IEnumerable`1 commandBatches, IRelationalConnection connection, CancellationToken cancellationToken)
   at Microsoft.EntityFrameworkCore.Update.Internal.BatchExecutor.ExecuteAsync(IEnumerable`1 commandBatches, IRelationalConnection connection, CancellationToken cancellationToken)
   at Microsoft.EntityFrameworkCore.ChangeTracking.Internal.StateManager.SaveChangesAsync(IList`1 entriesToSave, CancellationToken cancellationToken)
   at Microsoft.EntityFrameworkCore.ChangeTracking.Internal.StateManager.SaveChangesAsync(StateManager stateManager, Boolean acceptAllChangesOnSuccess, CancellationToken cancellationToken)
   at Pomelo.EntityFrameworkCore.MySql.Storage.Internal.MySqlExecutionStrategy.ExecuteAsync[TState,TResult](TState state, Func`4 operation, Func`4 verifySucceeded, CancellationToken cancellationToken)
   at Microsoft.EntityFrameworkCore.DbContext.SaveChangesAsync(Boolean acceptAllChangesOnSuccess, CancellationToken cancellationToken)
Microsoft.EntityFrameworkCore.DbUpdateException: An error occurred while saving the entity changes. See the inner exception for details.
 ---> MySqlConnector.MySqlException (0x80004005): Duplicate entry 'ronaldstevenrios@gmail.com' for key 'TUsuario.CEmail'
   at MySqlConnector.Core.ServerSession.ReceiveReplyAsync(IOBehavior ioBehavior, CancellationToken cancellationToken) in /_/src/MySqlConnector/Core/ServerSession.cs:line 894
   at MySqlConnector.Core.ResultSet.ReadResultSetHeaderAsync(IOBehavior ioBehavior) in /_/src/MySqlConnector/Core/ResultSet.cs:line 37
   at MySqlConnector.MySqlDataReader.ActivateResultSet(CancellationToken cancellationToken) in /_/src/MySqlConnector/MySqlDataReader.cs:line 130
   at MySqlConnector.MySqlDataReader.InitAsync(CommandListPosition commandListPosition, ICommandPayloadCreator payloadCreator, IDictionary`2 cachedProcedures, IMySqlCommand command, CommandBehavior behavior, Activity activity, IOBehavior ioBehavior, CancellationToken cancellationToken) in /_/src/MySqlConnector/MySqlDataReader.cs:line 483
   at MySqlConnector.Core.CommandExecutor.ExecuteReaderAsync(CommandListPosition commandListPosition, ICommandPayloadCreator payloadCreator, CommandBehavior behavior, Activity activity, IOBehavior ioBehavior, CancellationToken cancellationToken) in /_/src/MySqlConnector/Core/CommandExecutor.cs:line 56
   at MySqlConnector.MySqlCommand.ExecuteReaderAsync(CommandBehavior behavior, IOBehavior ioBehavior, CancellationToken cancellationToken) in /_/src/MySqlConnector/MySqlCommand.cs:line 357
   at MySqlConnector.MySqlCommand.ExecuteDbDataReaderAsync(CommandBehavior behavior, CancellationToken cancellationToken) in /_/src/MySqlConnector/MySqlCommand.cs:line 350
   at Microsoft.EntityFrameworkCore.Storage.RelationalCommand.ExecuteReaderAsync(RelationalCommandParameterObject parameterObject, CancellationToken cancellationToken)
   at Microsoft.EntityFrameworkCore.Storage.RelationalCommand.ExecuteReaderAsync(RelationalCommandParameterObject parameterObject, CancellationToken cancellationToken)
   at Microsoft.EntityFrameworkCore.Update.ReaderModificationCommandBatch.ExecuteAsync(IRelationalConnection connection, CancellationToken cancellationToken)
   --- End of inner exception stack trace ---
   at Microsoft.EntityFrameworkCore.Update.ReaderModificationCommandBatch.ExecuteAsync(IRelationalConnection connection, CancellationToken cancellationToken)
   at Microsoft.EntityFrameworkCore.Update.Internal.BatchExecutor.ExecuteAsync(IEnumerable`1 commandBatches, IRelationalConnection connection, CancellationToken cancellationToken)
   at Microsoft.EntityFrameworkCore.Update.Internal.BatchExecutor.ExecuteAsync(IEnumerable`1 commandBatches, IRelationalConnection connection, CancellationToken cancellationToken)
   at Microsoft.EntityFrameworkCore.Update.Internal.BatchExecutor.ExecuteAsync(IEnumerable`1 commandBatches, IRelationalConnection connection, CancellationToken cancellationToken)
   at Microsoft.EntityFrameworkCore.ChangeTracking.Internal.StateManager.SaveChangesAsync(IList`1 entriesToSave, CancellationToken cancellationToken)
   at Microsoft.EntityFrameworkCore.ChangeTracking.Internal.StateManager.SaveChangesAsync(StateManager stateManager, Boolean acceptAllChangesOnSuccess, CancellationToken cancellationToken)
   at Pomelo.EntityFrameworkCore.MySql.Storage.Internal.MySqlExecutionStrategy.ExecuteAsync[TState,TResult](TState state, Func`4 operation, Func`4 verifySucceeded, CancellationToken cancellationToken)
   at Microsoft.EntityFrameworkCore.DbContext.SaveChangesAsync(Boolean acceptAllChangesOnSuccess, CancellationToken cancellationToken)
2025-09-17 11:16:17.289 -05:00 [INF] Executed action Api_Mediconnet.Api.Controllers.UsuarioController.PostUsuario (Api_Mediconnet.Api) in 2311.1787ms
2025-09-17 11:16:17.292 -05:00 [INF] Executed endpoint 'Api_Mediconnet.Api.Controllers.UsuarioController.PostUsuario (Api_Mediconnet.Api)'
2025-09-17 11:16:17.295 -05:00 [ERR] Se produjo un error no controlado.
Microsoft.EntityFrameworkCore.DbUpdateException: An error occurred while saving the entity changes. See the inner exception for details.
 ---> MySqlConnector.MySqlException (0x80004005): Duplicate entry 'ronaldstevenrios@gmail.com' for key 'TUsuario.CEmail'
   at MySqlConnector.Core.ServerSession.ReceiveReplyAsync(IOBehavior ioBehavior, CancellationToken cancellationToken) in /_/src/MySqlConnector/Core/ServerSession.cs:line 894
   at MySqlConnector.Core.ResultSet.ReadResultSetHeaderAsync(IOBehavior ioBehavior) in /_/src/MySqlConnector/Core/ResultSet.cs:line 37
   at MySqlConnector.MySqlDataReader.ActivateResultSet(CancellationToken cancellationToken) in /_/src/MySqlConnector/MySqlDataReader.cs:line 130
   at MySqlConnector.MySqlDataReader.InitAsync(CommandListPosition commandListPosition, ICommandPayloadCreator payloadCreator, IDictionary`2 cachedProcedures, IMySqlCommand command, CommandBehavior behavior, Activity activity, IOBehavior ioBehavior, CancellationToken cancellationToken) in /_/src/MySqlConnector/MySqlDataReader.cs:line 483
   at MySqlConnector.Core.CommandExecutor.ExecuteReaderAsync(CommandListPosition commandListPosition, ICommandPayloadCreator payloadCreator, CommandBehavior behavior, Activity activity, IOBehavior ioBehavior, CancellationToken cancellationToken) in /_/src/MySqlConnector/Core/CommandExecutor.cs:line 56
   at MySqlConnector.MySqlCommand.ExecuteReaderAsync(CommandBehavior behavior, IOBehavior ioBehavior, CancellationToken cancellationToken) in /_/src/MySqlConnector/MySqlCommand.cs:line 357
   at MySqlConnector.MySqlCommand.ExecuteDbDataReaderAsync(CommandBehavior behavior, CancellationToken cancellationToken) in /_/src/MySqlConnector/MySqlCommand.cs:line 350
   at Microsoft.EntityFrameworkCore.Storage.RelationalCommand.ExecuteReaderAsync(RelationalCommandParameterObject parameterObject, CancellationToken cancellationToken)
   at Microsoft.EntityFrameworkCore.Storage.RelationalCommand.ExecuteReaderAsync(RelationalCommandParameterObject parameterObject, CancellationToken cancellationToken)
   at Microsoft.EntityFrameworkCore.Update.ReaderModificationCommandBatch.ExecuteAsync(IRelationalConnection connection, CancellationToken cancellationToken)
   --- End of inner exception stack trace ---
   at Microsoft.EntityFrameworkCore.Update.ReaderModificationCommandBatch.ExecuteAsync(IRelationalConnection connection, CancellationToken cancellationToken)
   at Microsoft.EntityFrameworkCore.Update.Internal.BatchExecutor.ExecuteAsync(IEnumerable`1 commandBatches, IRelationalConnection connection, CancellationToken cancellationToken)
   at Microsoft.EntityFrameworkCore.Update.Internal.BatchExecutor.ExecuteAsync(IEnumerable`1 commandBatches, IRelationalConnection connection, CancellationToken cancellationToken)
   at Microsoft.EntityFrameworkCore.Update.Internal.BatchExecutor.ExecuteAsync(IEnumerable`1 commandBatches, IRelationalConnection connection, CancellationToken cancellationToken)
   at Microsoft.EntityFrameworkCore.ChangeTracking.Internal.StateManager.SaveChangesAsync(IList`1 entriesToSave, CancellationToken cancellationToken)
   at Microsoft.EntityFrameworkCore.ChangeTracking.Internal.StateManager.SaveChangesAsync(StateManager stateManager, Boolean acceptAllChangesOnSuccess, CancellationToken cancellationToken)
   at Pomelo.EntityFrameworkCore.MySql.Storage.Internal.MySqlExecutionStrategy.ExecuteAsync[TState,TResult](TState state, Func`4 operation, Func`4 verifySucceeded, CancellationToken cancellationToken)
   at Microsoft.EntityFrameworkCore.DbContext.SaveChangesAsync(Boolean acceptAllChangesOnSuccess, CancellationToken cancellationToken)
   at Microsoft.EntityFrameworkCore.DbContext.SaveChangesAsync(Boolean acceptAllChangesOnSuccess, CancellationToken cancellationToken)
   at Api_Mediconnet.Infrastructure.Repositories.TUsuarioRepository.SaveChangesAsync() in C:\Users\ronal\Desktop\Archivos\Api_Mediconnet_Onion\Infrastructure\Repositories\TUsuariosRepository.cs:line 45
   at Api_Mediconnet.Application.Services.TUsuarioService.CrearAsync(TUsuarioCreateDTO dTO) in C:\Users\ronal\Desktop\Archivos\Api_Mediconnet_Onion\Application\Services\TUsuarioService.cs:line 78
   at Api_Mediconnet.Api.Controllers.UsuarioController.PostUsuario(TUsuarioCreateDTO usuarioCreateDTO) in C:\Users\ronal\Desktop\Archivos\Api_Mediconnet_Onion\api\Controllers\UsuarioController.cs:line 39
   at Microsoft.AspNetCore.Mvc.Infrastructure.ActionMethodExecutor.TaskOfIActionResultExecutor.Execute(ActionContext actionContext, IActionResultTypeMapper mapper, ObjectMethodExecutor executor, Object controller, Object[] arguments)
   at Microsoft.AspNetCore.Mvc.Infrastructure.ControllerActionInvoker.<InvokeActionMethodAsync>g__Awaited|12_0(ControllerActionInvoker invoker, ValueTask`1 actionResultValueTask)
   at Microsoft.AspNetCore.Mvc.Infrastructure.ControllerActionInvoker.<InvokeNextActionFilterAsync>g__Awaited|10_0(ControllerActionInvoker invoker, Task lastTask, State next, Scope scope, Object state, Boolean isCompleted)
   at Microsoft.AspNetCore.Mvc.Infrastructure.ControllerActionInvoker.Rethrow(ActionExecutedContextSealed context)
   at Microsoft.AspNetCore.Mvc.Infrastructure.ControllerActionInvoker.Next(State& next, Scope& scope, Object& state, Boolean& isCompleted)
   at Microsoft.AspNetCore.Mvc.Infrastructure.ControllerActionInvoker.<InvokeInnerFilterAsync>g__Awaited|13_0(ControllerActionInvoker invoker, Task lastTask, State next, Scope scope, Object state, Boolean isCompleted)
   at Microsoft.AspNetCore.Mvc.Infrastructure.ResourceInvoker.<InvokeFilterPipelineAsync>g__Awaited|20_0(ResourceInvoker invoker, Task lastTask, State next, Scope scope, Object state, Boolean isCompleted)
   at Microsoft.AspNetCore.Mvc.Infrastructure.ResourceInvoker.<InvokeAsync>g__Logged|17_1(ResourceInvoker invoker)
   at Microsoft.AspNetCore.Mvc.Infrastructure.ResourceInvoker.<InvokeAsync>g__Logged|17_1(ResourceInvoker invoker)
   at Microsoft.AspNetCore.Routing.EndpointMiddleware.<Invoke>g__AwaitRequestTask|7_0(Endpoint endpoint, Task requestTask, ILogger logger)
   at Microsoft.AspNetCore.Authorization.AuthorizationMiddleware.Invoke(HttpContext context)
   at Microsoft.AspNetCore.Authentication.AuthenticationMiddleware.Invoke(HttpContext context)
   at Api_Mediconnet.Api.Middleware.ErrorHandlingMiddleware.Invoke(HttpContext httpContent) in C:\Users\ronal\Desktop\Archivos\Api_Mediconnet_Onion\api\Middleware\ErrorHandlingMiddleware.cs:line 21
2025-09-17 11:16:17.351 -05:00 [INF] Request finished HTTP/1.1 POST http://localhost:5000/Api/Usuario - 500 null application/json 2380.618ms
2025-09-17 11:17:14.515 -05:00 [INF] Request starting HTTP/1.1 POST http://localhost:5000/Api/Usuario - application/json 116
2025-09-17 11:17:14.558 -05:00 [INF] Failed to validate the token.
Microsoft.IdentityModel.Tokens.SecurityTokenExpiredException: IDX10223: Lifetime validation failed. The token is expired. ValidTo (UTC): '25/08/2025 8:25:26 p. m.', Current time (UTC): '17/09/2025 4:17:14 p. m.'.
   at Microsoft.IdentityModel.Tokens.Validators.ValidateLifetime(Nullable`1 notBefore, Nullable`1 expires, SecurityToken securityToken, TokenValidationParameters validationParameters)
   at Microsoft.IdentityModel.JsonWebTokens.JsonWebTokenHandler.ValidateTokenPayloadAsync(JsonWebToken jsonWebToken, TokenValidationParameters validationParameters, BaseConfiguration configuration)
   at Microsoft.IdentityModel.JsonWebTokens.JsonWebTokenHandler.ValidateJWSAsync(JsonWebToken jsonWebToken, TokenValidationParameters validationParameters, BaseConfiguration configuration)
2025-09-17 11:17:14.565 -05:00 [INF] Bearer was not authenticated. Failure message: IDX10223: Lifetime validation failed. The token is expired. ValidTo (UTC): '25/08/2025 8:25:26 p. m.', Current time (UTC): '17/09/2025 4:17:14 p. m.'.
2025-09-17 11:17:14.566 -05:00 [INF] Executing endpoint 'Api_Mediconnet.Api.Controllers.UsuarioController.PostUsuario (Api_Mediconnet.Api)'
2025-09-17 11:17:14.568 -05:00 [INF] Route matched with {action = "PostUsuario", controller = "Usuario"}. Executing controller action with signature System.Threading.Tasks.Task`1[Microsoft.AspNetCore.Mvc.IActionResult] PostUsuario(Api_Mediconnet.Application.DTOs.TUsuarioCreateDTO) on controller Api_Mediconnet.Api.Controllers.UsuarioController (Api_Mediconnet.Api).
2025-09-17 11:17:15.331 -05:00 [INF] Executed DbCommand (237ms) [Parameters=[@p0='?' (Size = 100), @p1='?' (Size = 255), @p2='?' (Size = 50), @p3='?' (Size = 255), @p4='?' (DbType = DateTime), @p5='?' (DbType = Int32), @p6='?' (DbType = Int32), @p7='?' (DbType = Int32)], CommandType='"Text"', CommandTimeout='30']
INSERT INTO `TUsuario` (`CApellido`, `CEmail`, `CNombre`, `CPassword`, `DFechaRegistro`, `NEstadoUsuarioFK`, `NEstadoVerificacionFK`, `NRolFK`)
VALUES (@p0, @p1, @p2, @p3, @p4, @p5, @p6, @p7);
SELECT `nUsuarioID`
FROM `TUsuario`
WHERE ROW_COUNT() = 1 AND `nUsuarioID` = LAST_INSERT_ID();
2025-09-17 11:17:15.453 -05:00 [INF] Usuario con ID 8 creado exitosamente.
2025-09-17 11:17:15.682 -05:00 [INF] Executed DbCommand (112ms) [Parameters=[@__id_0='?' (DbType = Int32)], CommandType='"Text"', CommandTimeout='30']
SELECT `t0`.`CNombre`
FROM `TUsuario` AS `t`
INNER JOIN `TRol` AS `t0` ON `t`.`NRolFK` = `t0`.`NRolID`
WHERE `t`.`nUsuarioID` = @__id_0
LIMIT 1
2025-09-17 11:17:15.685 -05:00 [INF] Executing OkObjectResult, writing value of type '<>f__AnonymousType1`1[[System.String, System.Private.CoreLib, Version=8.0.0.0, Culture=neutral, PublicKeyToken=7cec85d7bea7798e]]'.
2025-09-17 11:17:15.688 -05:00 [INF] Executed action Api_Mediconnet.Api.Controllers.UsuarioController.PostUsuario (Api_Mediconnet.Api) in 1116.9133ms
2025-09-17 11:17:15.690 -05:00 [INF] Executed endpoint 'Api_Mediconnet.Api.Controllers.UsuarioController.PostUsuario (Api_Mediconnet.Api)'
2025-09-17 11:17:15.691 -05:00 [INF] Request finished HTTP/1.1 POST http://localhost:5000/Api/Usuario - 200 null application/json; charset=utf-8 1176.9597ms
2025-09-17 11:17:20.122 -05:00 [INF] Request starting HTTP/1.1 POST http://localhost:5000/Api/Usuario - application/json 116
2025-09-17 11:17:20.126 -05:00 [INF] Failed to validate the token.
Microsoft.IdentityModel.Tokens.SecurityTokenExpiredException: IDX10223: Lifetime validation failed. The token is expired. ValidTo (UTC): '25/08/2025 8:25:26 p. m.', Current time (UTC): '17/09/2025 4:17:20 p. m.'.
   at Microsoft.IdentityModel.Tokens.Validators.ValidateLifetime(Nullable`1 notBefore, Nullable`1 expires, SecurityToken securityToken, TokenValidationParameters validationParameters)
   at Microsoft.IdentityModel.JsonWebTokens.JsonWebTokenHandler.ValidateTokenPayloadAsync(JsonWebToken jsonWebToken, TokenValidationParameters validationParameters, BaseConfiguration configuration)
   at Microsoft.IdentityModel.JsonWebTokens.JsonWebTokenHandler.ValidateJWSAsync(JsonWebToken jsonWebToken, TokenValidationParameters validationParameters, BaseConfiguration configuration)
2025-09-17 11:17:20.128 -05:00 [INF] Bearer was not authenticated. Failure message: IDX10223: Lifetime validation failed. The token is expired. ValidTo (UTC): '25/08/2025 8:25:26 p. m.', Current time (UTC): '17/09/2025 4:17:20 p. m.'.
2025-09-17 11:17:20.130 -05:00 [INF] Executing endpoint 'Api_Mediconnet.Api.Controllers.UsuarioController.PostUsuario (Api_Mediconnet.Api)'
2025-09-17 11:17:20.131 -05:00 [INF] Route matched with {action = "PostUsuario", controller = "Usuario"}. Executing controller action with signature System.Threading.Tasks.Task`1[Microsoft.AspNetCore.Mvc.IActionResult] PostUsuario(Api_Mediconnet.Application.DTOs.TUsuarioCreateDTO) on controller Api_Mediconnet.Api.Controllers.UsuarioController (Api_Mediconnet.Api).
2025-09-17 11:17:20.771 -05:00 [ERR] Failed executing DbCommand (115ms) [Parameters=[@p0='?' (Size = 100), @p1='?' (Size = 255), @p2='?' (Size = 50), @p3='?' (Size = 255), @p4='?' (DbType = DateTime), @p5='?' (DbType = Int32), @p6='?' (DbType = Int32), @p7='?' (DbType = Int32)], CommandType='"Text"', CommandTimeout='30']
INSERT INTO `TUsuario` (`CApellido`, `CEmail`, `CNombre`, `CPassword`, `DFechaRegistro`, `NEstadoUsuarioFK`, `NEstadoVerificacionFK`, `NRolFK`)
VALUES (@p0, @p1, @p2, @p3, @p4, @p5, @p6, @p7);
SELECT `nUsuarioID`
FROM `TUsuario`
WHERE ROW_COUNT() = 1 AND `nUsuarioID` = LAST_INSERT_ID();
2025-09-17 11:17:20.884 -05:00 [ERR] An exception occurred in the database while saving changes for context type 'Api_Mediconnet.Infrastructure.Data.AppDbContext'.
Microsoft.EntityFrameworkCore.DbUpdateException: An error occurred while saving the entity changes. See the inner exception for details.
 ---> MySqlConnector.MySqlException (0x80004005): Duplicate entry 'dfdfdfdfJUHd@gmail.com' for key 'TUsuario.CEmail'
   at MySqlConnector.Core.ServerSession.ReceiveReplyAsync(IOBehavior ioBehavior, CancellationToken cancellationToken) in /_/src/MySqlConnector/Core/ServerSession.cs:line 894
   at MySqlConnector.Core.ResultSet.ReadResultSetHeaderAsync(IOBehavior ioBehavior) in /_/src/MySqlConnector/Core/ResultSet.cs:line 37
   at MySqlConnector.MySqlDataReader.ActivateResultSet(CancellationToken cancellationToken) in /_/src/MySqlConnector/MySqlDataReader.cs:line 130
   at MySqlConnector.MySqlDataReader.InitAsync(CommandListPosition commandListPosition, ICommandPayloadCreator payloadCreator, IDictionary`2 cachedProcedures, IMySqlCommand command, CommandBehavior behavior, Activity activity, IOBehavior ioBehavior, CancellationToken cancellationToken) in /_/src/MySqlConnector/MySqlDataReader.cs:line 483
   at MySqlConnector.Core.CommandExecutor.ExecuteReaderAsync(CommandListPosition commandListPosition, ICommandPayloadCreator payloadCreator, CommandBehavior behavior, Activity activity, IOBehavior ioBehavior, CancellationToken cancellationToken) in /_/src/MySqlConnector/Core/CommandExecutor.cs:line 56
   at MySqlConnector.MySqlCommand.ExecuteReaderAsync(CommandBehavior behavior, IOBehavior ioBehavior, CancellationToken cancellationToken) in /_/src/MySqlConnector/MySqlCommand.cs:line 357
   at MySqlConnector.MySqlCommand.ExecuteDbDataReaderAsync(CommandBehavior behavior, CancellationToken cancellationToken) in /_/src/MySqlConnector/MySqlCommand.cs:line 350
   at Microsoft.EntityFrameworkCore.Storage.RelationalCommand.ExecuteReaderAsync(RelationalCommandParameterObject parameterObject, CancellationToken cancellationToken)
   at Microsoft.EntityFrameworkCore.Storage.RelationalCommand.ExecuteReaderAsync(RelationalCommandParameterObject parameterObject, CancellationToken cancellationToken)
   at Microsoft.EntityFrameworkCore.Update.ReaderModificationCommandBatch.ExecuteAsync(IRelationalConnection connection, CancellationToken cancellationToken)
   --- End of inner exception stack trace ---
   at Microsoft.EntityFrameworkCore.Update.ReaderModificationCommandBatch.ExecuteAsync(IRelationalConnection connection, CancellationToken cancellationToken)
   at Microsoft.EntityFrameworkCore.Update.Internal.BatchExecutor.ExecuteAsync(IEnumerable`1 commandBatches, IRelationalConnection connection, CancellationToken cancellationToken)
   at Microsoft.EntityFrameworkCore.Update.Internal.BatchExecutor.ExecuteAsync(IEnumerable`1 commandBatches, IRelationalConnection connection, CancellationToken cancellationToken)
   at Microsoft.EntityFrameworkCore.Update.Internal.BatchExecutor.ExecuteAsync(IEnumerable`1 commandBatches, IRelationalConnection connection, CancellationToken cancellationToken)
   at Microsoft.EntityFrameworkCore.ChangeTracking.Internal.StateManager.SaveChangesAsync(IList`1 entriesToSave, CancellationToken cancellationToken)
   at Microsoft.EntityFrameworkCore.ChangeTracking.Internal.StateManager.SaveChangesAsync(StateManager stateManager, Boolean acceptAllChangesOnSuccess, CancellationToken cancellationToken)
   at Pomelo.EntityFrameworkCore.MySql.Storage.Internal.MySqlExecutionStrategy.ExecuteAsync[TState,TResult](TState state, Func`4 operation, Func`4 verifySucceeded, CancellationToken cancellationToken)
   at Microsoft.EntityFrameworkCore.DbContext.SaveChangesAsync(Boolean acceptAllChangesOnSuccess, CancellationToken cancellationToken)
Microsoft.EntityFrameworkCore.DbUpdateException: An error occurred while saving the entity changes. See the inner exception for details.
 ---> MySqlConnector.MySqlException (0x80004005): Duplicate entry 'dfdfdfdfJUHd@gmail.com' for key 'TUsuario.CEmail'
   at MySqlConnector.Core.ServerSession.ReceiveReplyAsync(IOBehavior ioBehavior, CancellationToken cancellationToken) in /_/src/MySqlConnector/Core/ServerSession.cs:line 894
   at MySqlConnector.Core.ResultSet.ReadResultSetHeaderAsync(IOBehavior ioBehavior) in /_/src/MySqlConnector/Core/ResultSet.cs:line 37
   at MySqlConnector.MySqlDataReader.ActivateResultSet(CancellationToken cancellationToken) in /_/src/MySqlConnector/MySqlDataReader.cs:line 130
   at MySqlConnector.MySqlDataReader.InitAsync(CommandListPosition commandListPosition, ICommandPayloadCreator payloadCreator, IDictionary`2 cachedProcedures, IMySqlCommand command, CommandBehavior behavior, Activity activity, IOBehavior ioBehavior, CancellationToken cancellationToken) in /_/src/MySqlConnector/MySqlDataReader.cs:line 483
   at MySqlConnector.Core.CommandExecutor.ExecuteReaderAsync(CommandListPosition commandListPosition, ICommandPayloadCreator payloadCreator, CommandBehavior behavior, Activity activity, IOBehavior ioBehavior, CancellationToken cancellationToken) in /_/src/MySqlConnector/Core/CommandExecutor.cs:line 56
   at MySqlConnector.MySqlCommand.ExecuteReaderAsync(CommandBehavior behavior, IOBehavior ioBehavior, CancellationToken cancellationToken) in /_/src/MySqlConnector/MySqlCommand.cs:line 357
   at MySqlConnector.MySqlCommand.ExecuteDbDataReaderAsync(CommandBehavior behavior, CancellationToken cancellationToken) in /_/src/MySqlConnector/MySqlCommand.cs:line 350
   at Microsoft.EntityFrameworkCore.Storage.RelationalCommand.ExecuteReaderAsync(RelationalCommandParameterObject parameterObject, CancellationToken cancellationToken)
   at Microsoft.EntityFrameworkCore.Storage.RelationalCommand.ExecuteReaderAsync(RelationalCommandParameterObject parameterObject, CancellationToken cancellationToken)
   at Microsoft.EntityFrameworkCore.Update.ReaderModificationCommandBatch.ExecuteAsync(IRelationalConnection connection, CancellationToken cancellationToken)
   --- End of inner exception stack trace ---
   at Microsoft.EntityFrameworkCore.Update.ReaderModificationCommandBatch.ExecuteAsync(IRelationalConnection connection, CancellationToken cancellationToken)
   at Microsoft.EntityFrameworkCore.Update.Internal.BatchExecutor.ExecuteAsync(IEnumerable`1 commandBatches, IRelationalConnection connection, CancellationToken cancellationToken)
   at Microsoft.EntityFrameworkCore.Update.Internal.BatchExecutor.ExecuteAsync(IEnumerable`1 commandBatches, IRelationalConnection connection, CancellationToken cancellationToken)
   at Microsoft.EntityFrameworkCore.Update.Internal.BatchExecutor.ExecuteAsync(IEnumerable`1 commandBatches, IRelationalConnection connection, CancellationToken cancellationToken)
   at Microsoft.EntityFrameworkCore.ChangeTracking.Internal.StateManager.SaveChangesAsync(IList`1 entriesToSave, CancellationToken cancellationToken)
   at Microsoft.EntityFrameworkCore.ChangeTracking.Internal.StateManager.SaveChangesAsync(StateManager stateManager, Boolean acceptAllChangesOnSuccess, CancellationToken cancellationToken)
   at Pomelo.EntityFrameworkCore.MySql.Storage.Internal.MySqlExecutionStrategy.ExecuteAsync[TState,TResult](TState state, Func`4 operation, Func`4 verifySucceeded, CancellationToken cancellationToken)
   at Microsoft.EntityFrameworkCore.DbContext.SaveChangesAsync(Boolean acceptAllChangesOnSuccess, CancellationToken cancellationToken)
2025-09-17 11:17:20.893 -05:00 [INF] Executed action Api_Mediconnet.Api.Controllers.UsuarioController.PostUsuario (Api_Mediconnet.Api) in 759.6452ms
2025-09-17 11:17:20.895 -05:00 [INF] Executed endpoint 'Api_Mediconnet.Api.Controllers.UsuarioController.PostUsuario (Api_Mediconnet.Api)'
2025-09-17 11:17:20.896 -05:00 [ERR] Se produjo un error no controlado.
Microsoft.EntityFrameworkCore.DbUpdateException: An error occurred while saving the entity changes. See the inner exception for details.
 ---> MySqlConnector.MySqlException (0x80004005): Duplicate entry 'dfdfdfdfJUHd@gmail.com' for key 'TUsuario.CEmail'
   at MySqlConnector.Core.ServerSession.ReceiveReplyAsync(IOBehavior ioBehavior, CancellationToken cancellationToken) in /_/src/MySqlConnector/Core/ServerSession.cs:line 894
   at MySqlConnector.Core.ResultSet.ReadResultSetHeaderAsync(IOBehavior ioBehavior) in /_/src/MySqlConnector/Core/ResultSet.cs:line 37
   at MySqlConnector.MySqlDataReader.ActivateResultSet(CancellationToken cancellationToken) in /_/src/MySqlConnector/MySqlDataReader.cs:line 130
   at MySqlConnector.MySqlDataReader.InitAsync(CommandListPosition commandListPosition, ICommandPayloadCreator payloadCreator, IDictionary`2 cachedProcedures, IMySqlCommand command, CommandBehavior behavior, Activity activity, IOBehavior ioBehavior, CancellationToken cancellationToken) in /_/src/MySqlConnector/MySqlDataReader.cs:line 483
   at MySqlConnector.Core.CommandExecutor.ExecuteReaderAsync(CommandListPosition commandListPosition, ICommandPayloadCreator payloadCreator, CommandBehavior behavior, Activity activity, IOBehavior ioBehavior, CancellationToken cancellationToken) in /_/src/MySqlConnector/Core/CommandExecutor.cs:line 56
   at MySqlConnector.MySqlCommand.ExecuteReaderAsync(CommandBehavior behavior, IOBehavior ioBehavior, CancellationToken cancellationToken) in /_/src/MySqlConnector/MySqlCommand.cs:line 357
   at MySqlConnector.MySqlCommand.ExecuteDbDataReaderAsync(CommandBehavior behavior, CancellationToken cancellationToken) in /_/src/MySqlConnector/MySqlCommand.cs:line 350
   at Microsoft.EntityFrameworkCore.Storage.RelationalCommand.ExecuteReaderAsync(RelationalCommandParameterObject parameterObject, CancellationToken cancellationToken)
   at Microsoft.EntityFrameworkCore.Storage.RelationalCommand.ExecuteReaderAsync(RelationalCommandParameterObject parameterObject, CancellationToken cancellationToken)
   at Microsoft.EntityFrameworkCore.Update.ReaderModificationCommandBatch.ExecuteAsync(IRelationalConnection connection, CancellationToken cancellationToken)
   --- End of inner exception stack trace ---
   at Microsoft.EntityFrameworkCore.Update.ReaderModificationCommandBatch.ExecuteAsync(IRelationalConnection connection, CancellationToken cancellationToken)
   at Microsoft.EntityFrameworkCore.Update.Internal.BatchExecutor.ExecuteAsync(IEnumerable`1 commandBatches, IRelationalConnection connection, CancellationToken cancellationToken)
   at Microsoft.EntityFrameworkCore.Update.Internal.BatchExecutor.ExecuteAsync(IEnumerable`1 commandBatches, IRelationalConnection connection, CancellationToken cancellationToken)
   at Microsoft.EntityFrameworkCore.Update.Internal.BatchExecutor.ExecuteAsync(IEnumerable`1 commandBatches, IRelationalConnection connection, CancellationToken cancellationToken)
   at Microsoft.EntityFrameworkCore.ChangeTracking.Internal.StateManager.SaveChangesAsync(IList`1 entriesToSave, CancellationToken cancellationToken)
   at Microsoft.EntityFrameworkCore.ChangeTracking.Internal.StateManager.SaveChangesAsync(StateManager stateManager, Boolean acceptAllChangesOnSuccess, CancellationToken cancellationToken)
   at Pomelo.EntityFrameworkCore.MySql.Storage.Internal.MySqlExecutionStrategy.ExecuteAsync[TState,TResult](TState state, Func`4 operation, Func`4 verifySucceeded, CancellationToken cancellationToken)
   at Microsoft.EntityFrameworkCore.DbContext.SaveChangesAsync(Boolean acceptAllChangesOnSuccess, CancellationToken cancellationToken)
   at Microsoft.EntityFrameworkCore.DbContext.SaveChangesAsync(Boolean acceptAllChangesOnSuccess, CancellationToken cancellationToken)
   at Api_Mediconnet.Infrastructure.Repositories.TUsuarioRepository.SaveChangesAsync() in C:\Users\ronal\Desktop\Archivos\Api_Mediconnet_Onion\Infrastructure\Repositories\TUsuariosRepository.cs:line 45
   at Api_Mediconnet.Application.Services.TUsuarioService.CrearAsync(TUsuarioCreateDTO dTO) in C:\Users\ronal\Desktop\Archivos\Api_Mediconnet_Onion\Application\Services\TUsuarioService.cs:line 78
   at Api_Mediconnet.Api.Controllers.UsuarioController.PostUsuario(TUsuarioCreateDTO usuarioCreateDTO) in C:\Users\ronal\Desktop\Archivos\Api_Mediconnet_Onion\api\Controllers\UsuarioController.cs:line 39
   at Microsoft.AspNetCore.Mvc.Infrastructure.ActionMethodExecutor.TaskOfIActionResultExecutor.Execute(ActionContext actionContext, IActionResultTypeMapper mapper, ObjectMethodExecutor executor, Object controller, Object[] arguments)
   at Microsoft.AspNetCore.Mvc.Infrastructure.ControllerActionInvoker.<InvokeActionMethodAsync>g__Awaited|12_0(ControllerActionInvoker invoker, ValueTask`1 actionResultValueTask)
   at Microsoft.AspNetCore.Mvc.Infrastructure.ControllerActionInvoker.<InvokeNextActionFilterAsync>g__Awaited|10_0(ControllerActionInvoker invoker, Task lastTask, State next, Scope scope, Object state, Boolean isCompleted)
   at Microsoft.AspNetCore.Mvc.Infrastructure.ControllerActionInvoker.Rethrow(ActionExecutedContextSealed context)
   at Microsoft.AspNetCore.Mvc.Infrastructure.ControllerActionInvoker.Next(State& next, Scope& scope, Object& state, Boolean& isCompleted)
   at Microsoft.AspNetCore.Mvc.Infrastructure.ControllerActionInvoker.<InvokeInnerFilterAsync>g__Awaited|13_0(ControllerActionInvoker invoker, Task lastTask, State next, Scope scope, Object state, Boolean isCompleted)
   at Microsoft.AspNetCore.Mvc.Infrastructure.ResourceInvoker.<InvokeFilterPipelineAsync>g__Awaited|20_0(ResourceInvoker invoker, Task lastTask, State next, Scope scope, Object state, Boolean isCompleted)
   at Microsoft.AspNetCore.Mvc.Infrastructure.ResourceInvoker.<InvokeAsync>g__Logged|17_1(ResourceInvoker invoker)
   at Microsoft.AspNetCore.Mvc.Infrastructure.ResourceInvoker.<InvokeAsync>g__Logged|17_1(ResourceInvoker invoker)
   at Microsoft.AspNetCore.Routing.EndpointMiddleware.<Invoke>g__AwaitRequestTask|7_0(Endpoint endpoint, Task requestTask, ILogger logger)
   at Microsoft.AspNetCore.Authorization.AuthorizationMiddleware.Invoke(HttpContext context)
   at Microsoft.AspNetCore.Authentication.AuthenticationMiddleware.Invoke(HttpContext context)
   at Api_Mediconnet.Api.Middleware.ErrorHandlingMiddleware.Invoke(HttpContext httpContent) in C:\Users\ronal\Desktop\Archivos\Api_Mediconnet_Onion\api\Middleware\ErrorHandlingMiddleware.cs:line 21
2025-09-17 11:17:20.911 -05:00 [INF] Request finished HTTP/1.1 POST http://localhost:5000/Api/Usuario - 500 null application/json 789.0119ms
2025-09-17 11:34:19.032 -05:00 [INF] Request starting HTTP/1.1 OPTIONS http://localhost:5000/Api/Usuario - null null
2025-09-17 11:34:19.035 -05:00 [INF] CORS policy execution successful.
2025-09-17 11:34:19.036 -05:00 [INF] Request finished HTTP/1.1 OPTIONS http://localhost:5000/Api/Usuario - 204 null null 4.2226ms
2025-09-17 11:34:19.039 -05:00 [INF] Request starting HTTP/1.1 POST http://localhost:5000/Api/Usuario - application/json 99
2025-09-17 11:34:19.041 -05:00 [INF] CORS policy execution successful.
2025-09-17 11:34:19.042 -05:00 [INF] Executing endpoint 'Api_Mediconnet.Api.Controllers.UsuarioController.PostUsuario (Api_Mediconnet.Api)'
2025-09-17 11:34:19.043 -05:00 [INF] Route matched with {action = "PostUsuario", controller = "Usuario"}. Executing controller action with signature System.Threading.Tasks.Task`1[Microsoft.AspNetCore.Mvc.IActionResult] PostUsuario(Api_Mediconnet.Application.DTOs.TUsuarioCreateDTO) on controller Api_Mediconnet.Api.Controllers.UsuarioController (Api_Mediconnet.Api).
2025-09-17 11:34:21.239 -05:00 [INF] Executed DbCommand (116ms) [Parameters=[@p0='?' (Size = 100), @p1='?' (Size = 255), @p2='?' (Size = 50), @p3='?' (Size = 255), @p4='?' (DbType = DateTime), @p5='?' (DbType = Int32), @p6='?' (DbType = Int32), @p7='?' (DbType = Int32)], CommandType='"Text"', CommandTimeout='30']
INSERT INTO `TUsuario` (`CApellido`, `CEmail`, `CNombre`, `CPassword`, `DFechaRegistro`, `NEstadoUsuarioFK`, `NEstadoVerificacionFK`, `NRolFK`)
VALUES (@p0, @p1, @p2, @p3, @p4, @p5, @p6, @p7);
SELECT `nUsuarioID`
FROM `TUsuario`
WHERE ROW_COUNT() = 1 AND `nUsuarioID` = LAST_INSERT_ID();
2025-09-17 11:34:21.359 -05:00 [INF] Usuario con ID 10 creado exitosamente.
2025-09-17 11:34:21.589 -05:00 [INF] Executed DbCommand (114ms) [Parameters=[@__id_0='?' (DbType = Int32)], CommandType='"Text"', CommandTimeout='30']
SELECT `t0`.`CNombre`
FROM `TUsuario` AS `t`
INNER JOIN `TRol` AS `t0` ON `t`.`NRolFK` = `t0`.`NRolID`
WHERE `t`.`nUsuarioID` = @__id_0
LIMIT 1
2025-09-17 11:34:21.594 -05:00 [INF] Executing OkObjectResult, writing value of type '<>f__AnonymousType1`1[[System.String, System.Private.CoreLib, Version=8.0.0.0, Culture=neutral, PublicKeyToken=7cec85d7bea7798e]]'.
2025-09-17 11:34:21.598 -05:00 [INF] Executed action Api_Mediconnet.Api.Controllers.UsuarioController.PostUsuario (Api_Mediconnet.Api) in 2551.9787ms
2025-09-17 11:34:21.602 -05:00 [INF] Executed endpoint 'Api_Mediconnet.Api.Controllers.UsuarioController.PostUsuario (Api_Mediconnet.Api)'
2025-09-17 11:34:21.605 -05:00 [INF] Request finished HTTP/1.1 POST http://localhost:5000/Api/Usuario - 200 null application/json; charset=utf-8 2565.7266ms
2025-09-17 11:35:18.130 -05:00 [INF] Request starting HTTP/1.1 OPTIONS http://localhost:5000/Api/Usuario - null null
2025-09-17 11:35:18.132 -05:00 [INF] CORS policy execution successful.
2025-09-17 11:35:18.133 -05:00 [INF] Request finished HTTP/1.1 OPTIONS http://localhost:5000/Api/Usuario - 204 null null 3.0339ms
2025-09-17 11:35:18.135 -05:00 [INF] Request starting HTTP/1.1 POST http://localhost:5000/Api/Usuario - application/json 102
2025-09-17 11:35:18.138 -05:00 [INF] CORS policy execution successful.
2025-09-17 11:35:18.139 -05:00 [INF] Executing endpoint 'Api_Mediconnet.Api.Controllers.UsuarioController.PostUsuario (Api_Mediconnet.Api)'
2025-09-17 11:35:18.140 -05:00 [INF] Route matched with {action = "PostUsuario", controller = "Usuario"}. Executing controller action with signature System.Threading.Tasks.Task`1[Microsoft.AspNetCore.Mvc.IActionResult] PostUsuario(Api_Mediconnet.Application.DTOs.TUsuarioCreateDTO) on controller Api_Mediconnet.Api.Controllers.UsuarioController (Api_Mediconnet.Api).
2025-09-17 11:35:18.770 -05:00 [INF] Executed DbCommand (112ms) [Parameters=[@p0='?' (Size = 100), @p1='?' (Size = 255), @p2='?' (Size = 50), @p3='?' (Size = 255), @p4='?' (DbType = DateTime), @p5='?' (DbType = Int32), @p6='?' (DbType = Int32), @p7='?' (DbType = Int32)], CommandType='"Text"', CommandTimeout='30']
INSERT INTO `TUsuario` (`CApellido`, `CEmail`, `CNombre`, `CPassword`, `DFechaRegistro`, `NEstadoUsuarioFK`, `NEstadoVerificacionFK`, `NRolFK`)
VALUES (@p0, @p1, @p2, @p3, @p4, @p5, @p6, @p7);
SELECT `nUsuarioID`
FROM `TUsuario`
WHERE ROW_COUNT() = 1 AND `nUsuarioID` = LAST_INSERT_ID();
2025-09-17 11:35:18.886 -05:00 [INF] Usuario con ID 11 creado exitosamente.
2025-09-17 11:35:19.110 -05:00 [INF] Executed DbCommand (111ms) [Parameters=[@__id_0='?' (DbType = Int32)], CommandType='"Text"', CommandTimeout='30']
SELECT `t0`.`CNombre`
FROM `TUsuario` AS `t`
INNER JOIN `TRol` AS `t0` ON `t`.`NRolFK` = `t0`.`NRolID`
WHERE `t`.`nUsuarioID` = @__id_0
LIMIT 1
2025-09-17 11:35:19.116 -05:00 [INF] Executing OkObjectResult, writing value of type '<>f__AnonymousType1`1[[System.String, System.Private.CoreLib, Version=8.0.0.0, Culture=neutral, PublicKeyToken=7cec85d7bea7798e]]'.
2025-09-17 11:35:19.119 -05:00 [INF] Executed action Api_Mediconnet.Api.Controllers.UsuarioController.PostUsuario (Api_Mediconnet.Api) in 975.4559ms
2025-09-17 11:35:19.123 -05:00 [INF] Executed endpoint 'Api_Mediconnet.Api.Controllers.UsuarioController.PostUsuario (Api_Mediconnet.Api)'
2025-09-17 11:35:19.125 -05:00 [INF] Request finished HTTP/1.1 POST http://localhost:5000/Api/Usuario - 200 null application/json; charset=utf-8 989.6079ms
2025-09-17 11:36:00.074 -05:00 [INF] Request starting HTTP/1.1 OPTIONS http://localhost:5000/Api/Usuario - null null
2025-09-17 11:36:00.078 -05:00 [INF] CORS policy execution successful.
2025-09-17 11:36:00.079 -05:00 [INF] Request finished HTTP/1.1 OPTIONS http://localhost:5000/Api/Usuario - 204 null null 4.3383ms
2025-09-17 11:36:00.082 -05:00 [INF] Request starting HTTP/1.1 POST http://localhost:5000/Api/Usuario - application/json 84
2025-09-17 11:36:00.086 -05:00 [INF] CORS policy execution successful.
2025-09-17 11:36:00.088 -05:00 [INF] Executing endpoint 'Api_Mediconnet.Api.Controllers.UsuarioController.PostUsuario (Api_Mediconnet.Api)'
2025-09-17 11:36:00.089 -05:00 [INF] Route matched with {action = "PostUsuario", controller = "Usuario"}. Executing controller action with signature System.Threading.Tasks.Task`1[Microsoft.AspNetCore.Mvc.IActionResult] PostUsuario(Api_Mediconnet.Application.DTOs.TUsuarioCreateDTO) on controller Api_Mediconnet.Api.Controllers.UsuarioController (Api_Mediconnet.Api).
2025-09-17 11:36:00.734 -05:00 [INF] Executed DbCommand (116ms) [Parameters=[@p0='?' (Size = 100), @p1='?' (Size = 255), @p2='?' (Size = 50), @p3='?' (Size = 255), @p4='?' (DbType = DateTime), @p5='?' (DbType = Int32), @p6='?' (DbType = Int32), @p7='?' (DbType = Int32)], CommandType='"Text"', CommandTimeout='30']
INSERT INTO `TUsuario` (`CApellido`, `CEmail`, `CNombre`, `CPassword`, `DFechaRegistro`, `NEstadoUsuarioFK`, `NEstadoVerificacionFK`, `NRolFK`)
VALUES (@p0, @p1, @p2, @p3, @p4, @p5, @p6, @p7);
SELECT `nUsuarioID`
FROM `TUsuario`
WHERE ROW_COUNT() = 1 AND `nUsuarioID` = LAST_INSERT_ID();
2025-09-17 11:36:00.848 -05:00 [INF] Usuario con ID 12 creado exitosamente.
2025-09-17 11:36:01.073 -05:00 [INF] Executed DbCommand (112ms) [Parameters=[@__id_0='?' (DbType = Int32)], CommandType='"Text"', CommandTimeout='30']
SELECT `t0`.`CNombre`
FROM `TUsuario` AS `t`
INNER JOIN `TRol` AS `t0` ON `t`.`NRolFK` = `t0`.`NRolID`
WHERE `t`.`nUsuarioID` = @__id_0
LIMIT 1
2025-09-17 11:36:01.077 -05:00 [INF] Executing OkObjectResult, writing value of type '<>f__AnonymousType1`1[[System.String, System.Private.CoreLib, Version=8.0.0.0, Culture=neutral, PublicKeyToken=7cec85d7bea7798e]]'.
2025-09-17 11:36:01.080 -05:00 [INF] Executed action Api_Mediconnet.Api.Controllers.UsuarioController.PostUsuario (Api_Mediconnet.Api) in 987.6954ms
2025-09-17 11:36:01.083 -05:00 [INF] Executed endpoint 'Api_Mediconnet.Api.Controllers.UsuarioController.PostUsuario (Api_Mediconnet.Api)'
2025-09-17 11:36:01.085 -05:00 [INF] Request finished HTTP/1.1 POST http://localhost:5000/Api/Usuario - 200 null application/json; charset=utf-8 1002.776ms
2025-09-17 11:57:58.007 -05:00 [INF] Request starting HTTP/1.1 OPTIONS http://localhost:5000/Api/Usuario - null null
2025-09-17 11:57:58.010 -05:00 [INF] CORS policy execution successful.
2025-09-17 11:57:58.011 -05:00 [INF] Request finished HTTP/1.1 OPTIONS http://localhost:5000/Api/Usuario - 204 null null 3.7174ms
2025-09-17 11:57:58.015 -05:00 [INF] Request starting HTTP/1.1 POST http://localhost:5000/Api/Usuario - application/json 95
2025-09-17 11:57:58.017 -05:00 [INF] CORS policy execution successful.
2025-09-17 11:57:58.018 -05:00 [INF] Executing endpoint 'Api_Mediconnet.Api.Controllers.UsuarioController.PostUsuario (Api_Mediconnet.Api)'
2025-09-17 11:57:58.020 -05:00 [INF] Route matched with {action = "PostUsuario", controller = "Usuario"}. Executing controller action with signature System.Threading.Tasks.Task`1[Microsoft.AspNetCore.Mvc.IActionResult] PostUsuario(Api_Mediconnet.Application.DTOs.TUsuarioCreateDTO) on controller Api_Mediconnet.Api.Controllers.UsuarioController (Api_Mediconnet.Api).
2025-09-17 11:58:00.358 -05:00 [INF] Executed DbCommand (238ms) [Parameters=[@p0='?' (Size = 100), @p1='?' (Size = 255), @p2='?' (Size = 50), @p3='?' (Size = 255), @p4='?' (DbType = DateTime), @p5='?' (DbType = Int32), @p6='?' (DbType = Int32), @p7='?' (DbType = Int32)], CommandType='"Text"', CommandTimeout='30']
INSERT INTO `TUsuario` (`CApellido`, `CEmail`, `CNombre`, `CPassword`, `DFechaRegistro`, `NEstadoUsuarioFK`, `NEstadoVerificacionFK`, `NRolFK`)
VALUES (@p0, @p1, @p2, @p3, @p4, @p5, @p6, @p7);
SELECT `nUsuarioID`
FROM `TUsuario`
WHERE ROW_COUNT() = 1 AND `nUsuarioID` = LAST_INSERT_ID();
2025-09-17 11:58:00.470 -05:00 [INF] Usuario con ID 13 creado exitosamente.
2025-09-17 11:58:00.695 -05:00 [INF] Executed DbCommand (110ms) [Parameters=[@__id_0='?' (DbType = Int32)], CommandType='"Text"', CommandTimeout='30']
SELECT `t0`.`CNombre`
FROM `TUsuario` AS `t`
INNER JOIN `TRol` AS `t0` ON `t`.`NRolFK` = `t0`.`NRolID`
WHERE `t`.`nUsuarioID` = @__id_0
LIMIT 1
2025-09-17 11:58:00.698 -05:00 [INF] Executing OkObjectResult, writing value of type '<>f__AnonymousType1`1[[System.String, System.Private.CoreLib, Version=8.0.0.0, Culture=neutral, PublicKeyToken=7cec85d7bea7798e]]'.
2025-09-17 11:58:00.700 -05:00 [INF] Executed action Api_Mediconnet.Api.Controllers.UsuarioController.PostUsuario (Api_Mediconnet.Api) in 2676.8388ms
2025-09-17 11:58:00.701 -05:00 [INF] Executed endpoint 'Api_Mediconnet.Api.Controllers.UsuarioController.PostUsuario (Api_Mediconnet.Api)'
2025-09-17 11:58:00.703 -05:00 [INF] Request finished HTTP/1.1 POST http://localhost:5000/Api/Usuario - 200 null application/json; charset=utf-8 2688.2223ms
2025-09-17 11:59:33.069 -05:00 [INF] Request starting HTTP/1.1 OPTIONS http://localhost:5000/Api/Usuario - null null
2025-09-17 11:59:33.071 -05:00 [INF] CORS policy execution successful.
2025-09-17 11:59:33.072 -05:00 [INF] Request finished HTTP/1.1 OPTIONS http://localhost:5000/Api/Usuario - 204 null null 2.9593ms
2025-09-17 11:59:33.075 -05:00 [INF] Request starting HTTP/1.1 POST http://localhost:5000/Api/Usuario - application/json 107
2025-09-17 11:59:33.078 -05:00 [INF] CORS policy execution successful.
2025-09-17 11:59:33.079 -05:00 [INF] Executing endpoint 'Api_Mediconnet.Api.Controllers.UsuarioController.PostUsuario (Api_Mediconnet.Api)'
2025-09-17 11:59:33.080 -05:00 [INF] Route matched with {action = "PostUsuario", controller = "Usuario"}. Executing controller action with signature System.Threading.Tasks.Task`1[Microsoft.AspNetCore.Mvc.IActionResult] PostUsuario(Api_Mediconnet.Application.DTOs.TUsuarioCreateDTO) on controller Api_Mediconnet.Api.Controllers.UsuarioController (Api_Mediconnet.Api).
2025-09-17 11:59:33.977 -05:00 [INF] Executed DbCommand (243ms) [Parameters=[@p0='?' (Size = 100), @p1='?' (Size = 255), @p2='?' (Size = 50), @p3='?' (Size = 255), @p4='?' (DbType = DateTime), @p5='?' (DbType = Int32), @p6='?' (DbType = Int32), @p7='?' (DbType = Int32)], CommandType='"Text"', CommandTimeout='30']
INSERT INTO `TUsuario` (`CApellido`, `CEmail`, `CNombre`, `CPassword`, `DFechaRegistro`, `NEstadoUsuarioFK`, `NEstadoVerificacionFK`, `NRolFK`)
VALUES (@p0, @p1, @p2, @p3, @p4, @p5, @p6, @p7);
SELECT `nUsuarioID`
FROM `TUsuario`
WHERE ROW_COUNT() = 1 AND `nUsuarioID` = LAST_INSERT_ID();
2025-09-17 11:59:34.089 -05:00 [INF] Usuario con ID 14 creado exitosamente.
2025-09-17 11:59:34.314 -05:00 [INF] Executed DbCommand (109ms) [Parameters=[@__id_0='?' (DbType = Int32)], CommandType='"Text"', CommandTimeout='30']
SELECT `t0`.`CNombre`
FROM `TUsuario` AS `t`
INNER JOIN `TRol` AS `t0` ON `t`.`NRolFK` = `t0`.`NRolID`
WHERE `t`.`nUsuarioID` = @__id_0
LIMIT 1
2025-09-17 11:59:34.316 -05:00 [INF] Executing OkObjectResult, writing value of type '<>f__AnonymousType1`1[[System.String, System.Private.CoreLib, Version=8.0.0.0, Culture=neutral, PublicKeyToken=7cec85d7bea7798e]]'.
2025-09-17 11:59:34.318 -05:00 [INF] Executed action Api_Mediconnet.Api.Controllers.UsuarioController.PostUsuario (Api_Mediconnet.Api) in 1235.7224ms
2025-09-17 11:59:34.319 -05:00 [INF] Executed endpoint 'Api_Mediconnet.Api.Controllers.UsuarioController.PostUsuario (Api_Mediconnet.Api)'
2025-09-17 11:59:34.321 -05:00 [INF] Request finished HTTP/1.1 POST http://localhost:5000/Api/Usuario - 200 null application/json; charset=utf-8 1245.3974ms
2025-09-17 12:59:23.273 -05:00 [INF] Executed DbCommand (129ms) [Parameters=[], CommandType='"Text"', CommandTimeout='30']
SELECT CASE WHEN COUNT(*) = 0 THEN FALSE ELSE TRUE END
FROM information_schema.tables
WHERE table_type = 'BASE TABLE' AND table_schema = 'Api_Mediconnet_Onion'
2025-09-17 12:59:23.559 -05:00 [INF] User profile is available. Using 'C:\Users\ronal\AppData\Local\ASP.NET\DataProtection-Keys' as key repository and Windows DPAPI to encrypt keys at rest.
2025-09-17 12:59:23.629 -05:00 [INF] Now listening on: http://[::]:5000
2025-09-17 12:59:23.634 -05:00 [INF] Application started. Press Ctrl+C to shut down.
2025-09-17 12:59:23.635 -05:00 [INF] Hosting environment: Production
2025-09-17 12:59:23.637 -05:00 [INF] Content root path: C:\Users\ronal\Desktop\Archivos\Api_Mediconnet_Onion\api
2025-09-17 13:02:04.493 -05:00 [INF] Executed DbCommand (119ms) [Parameters=[], CommandType='"Text"', CommandTimeout='30']
SELECT CASE WHEN COUNT(*) = 0 THEN FALSE ELSE TRUE END
FROM information_schema.tables
WHERE table_type = 'BASE TABLE' AND table_schema = 'Api_Mediconnet_Onion'
2025-09-17 13:02:04.620 -05:00 [INF] User profile is available. Using 'C:\Users\ronal\AppData\Local\ASP.NET\DataProtection-Keys' as key repository and Windows DPAPI to encrypt keys at rest.
2025-09-17 13:02:04.678 -05:00 [INF] Now listening on: http://[::]:5000
2025-09-17 13:02:04.682 -05:00 [INF] Application started. Press Ctrl+C to shut down.
2025-09-17 13:02:04.683 -05:00 [INF] Hosting environment: Production
2025-09-17 13:02:04.684 -05:00 [INF] Content root path: C:\Users\ronal\Desktop\Archivos\Api_Mediconnet_Onion\api
2025-09-17 13:11:44.978 -05:00 [INF] Executed DbCommand (123ms) [Parameters=[], CommandType='"Text"', CommandTimeout='30']
SELECT CASE WHEN COUNT(*) = 0 THEN FALSE ELSE TRUE END
FROM information_schema.tables
WHERE table_type = 'BASE TABLE' AND table_schema = 'Api_Mediconnet_Onion'
2025-09-17 13:11:45.090 -05:00 [INF] User profile is available. Using 'C:\Users\ronal\AppData\Local\ASP.NET\DataProtection-Keys' as key repository and Windows DPAPI to encrypt keys at rest.
2025-09-17 13:11:45.145 -05:00 [INF] Now listening on: http://[::]:5000
2025-09-17 13:11:45.149 -05:00 [INF] Application started. Press Ctrl+C to shut down.
2025-09-17 13:11:45.150 -05:00 [INF] Hosting environment: Production
2025-09-17 13:11:45.151 -05:00 [INF] Content root path: C:\Users\ronal\Desktop\Archivos\Api_Mediconnet_Onion\api
2025-09-17 13:17:32.324 -05:00 [INF] Executed DbCommand (192ms) [Parameters=[], CommandType='"Text"', CommandTimeout='30']
SELECT CASE WHEN COUNT(*) = 0 THEN FALSE ELSE TRUE END
FROM information_schema.tables
WHERE table_type = 'BASE TABLE' AND table_schema = 'Api_Mediconnet_Onion'
2025-09-17 13:17:32.438 -05:00 [INF] User profile is available. Using 'C:\Users\ronal\AppData\Local\ASP.NET\DataProtection-Keys' as key repository and Windows DPAPI to encrypt keys at rest.
2025-09-17 13:17:32.497 -05:00 [INF] Now listening on: http://[::]:5000
2025-09-17 13:17:32.500 -05:00 [INF] Application started. Press Ctrl+C to shut down.
2025-09-17 13:17:32.501 -05:00 [INF] Hosting environment: Production
2025-09-17 13:17:32.502 -05:00 [INF] Content root path: C:\Users\ronal\Desktop\Archivos\Api_Mediconnet_Onion\api
2025-09-17 14:01:48.204 -05:00 [WRN] The 'bool' property 'BUsado' on entity type 'TCodigoVerificacion' is configured with a database-generated default, but has no configured sentinel value. The database-generated default will always be used for inserts when the property has the value 'False', since this is the CLR default for the 'bool' type. Consider using a nullable type, using a nullable backing field, or setting the sentinel value for the property to ensure the database default is used when, and only when, appropriate. See https://aka.ms/efcore-docs-default-values for more information.
2025-09-17 14:01:48.396 -05:00 [WRN] The 'bool' property 'BUsado' on entity type 'TCodigoVerificacion' is configured with a database-generated default, but has no configured sentinel value. The database-generated default will always be used for inserts when the property has the value 'False', since this is the CLR default for the 'bool' type. Consider using a nullable type, using a nullable backing field, or setting the sentinel value for the property to ensure the database default is used when, and only when, appropriate. See https://aka.ms/efcore-docs-default-values for more information.
2025-09-17 14:07:47.476 -05:00 [INF] Executed DbCommand (114ms) [Parameters=[], CommandType='"Text"', CommandTimeout='30']
SELECT CASE WHEN COUNT(*) = 0 THEN FALSE ELSE TRUE END
FROM information_schema.tables
WHERE table_type = 'BASE TABLE' AND table_schema = 'Api_Mediconnet_Onion'
2025-09-17 14:07:47.591 -05:00 [INF] User profile is available. Using 'C:\Users\ronal\AppData\Local\ASP.NET\DataProtection-Keys' as key repository and Windows DPAPI to encrypt keys at rest.
2025-09-17 14:07:47.645 -05:00 [INF] Now listening on: http://[::]:5000
2025-09-17 14:07:47.650 -05:00 [INF] Application started. Press Ctrl+C to shut down.
2025-09-17 14:07:47.651 -05:00 [INF] Hosting environment: Production
2025-09-17 14:07:47.652 -05:00 [INF] Content root path: C:\Users\ronal\Desktop\Archivos\Api_Mediconnet_Onion\api
